This file contains any messages produced by compilers while
running configure, to aid debugging if configure makes a mistake.

It was created by libusb configure 1.0.16-rc10, which was
generated by GNU Autoconf 2.69.  Invocation command line was

  $ ./configure --disable-option-checking --prefix=/usr/local --host=i686-w64-mingw32.static --disable-shared --enable-zeus --enable-scrypt host_alias=i686-w64-mingw32.static CFLAGS=-O2 -msse2 PKG_CONFIG_PATH=/opt/mxe/usr/i686-w64-mingw32.static/lib/pkgconfig/ --cache-file=/dev/null --srcdir=.

## --------- ##
## Platform. ##
## --------- ##

hostname = ubuntu
uname -m = x86_64
uname -r = 5.4.0-131-generic
uname -s = Linux
uname -v = #147-Ubuntu SMP Fri Oct 14 17:07:22 UTC 2022

/usr/bin/uname -p = x86_64
/bin/uname -X     = unknown

/bin/arch              = x86_64
/usr/bin/arch -k       = unknown
/usr/convex/getsysinfo = unknown
/usr/bin/hostinfo      = unknown
/bin/machine           = unknown
/usr/bin/oslevel       = unknown
/bin/universe          = unknown

PATH: /opt/mxe/usr/bin
PATH: /usr/local/sbin
PATH: /usr/local/bin
PATH: /usr/sbin
PATH: /usr/bin
PATH: /sbin
PATH: /bin
PATH: /usr/games
PATH: /usr/local/games
PATH: /snap/bin


## ----------- ##
## Core tests. ##
## ----------- ##

configure:2419: checking for a BSD-compatible install
configure:2487: result: /usr/bin/install -c
configure:2498: checking whether build environment is sane
configure:2553: result: yes
configure:2610: checking for i686-w64-mingw32.static-strip
configure:2626: found /opt/mxe/usr/bin/i686-w64-mingw32.static-strip
configure:2637: result: i686-w64-mingw32.static-strip
configure:2702: checking for a thread-safe mkdir -p
configure:2741: result: /usr/bin/mkdir -p
configure:2748: checking for gawk
configure:2764: found /usr/bin/gawk
configure:2775: result: gawk
configure:2786: checking whether make sets $(MAKE)
configure:2808: result: yes
configure:2837: checking whether make supports nested variables
configure:2854: result: yes
configure:2981: checking whether to enable maintainer-specific portions of Makefiles
configure:2990: result: no
configure:3019: checking whether make supports nested variables
configure:3036: result: yes
configure:3057: checking for i686-w64-mingw32.static-gcc
configure:3073: found /opt/mxe/usr/bin/i686-w64-mingw32.static-gcc
configure:3084: result: i686-w64-mingw32.static-gcc
configure:3353: checking for C compiler version
configure:3362: i686-w64-mingw32.static-gcc --version >&5
i686-w64-mingw32.static-gcc (GCC) 5.5.0
Copyright (C) 2015 Free Software Foundation, Inc.
This is free software; see the source for copying conditions.  There is NO
warranty; not even for MERCHANTABILITY or FITNESS FOR A PARTICULAR PURPOSE.

configure:3373: $? = 0
configure:3362: i686-w64-mingw32.static-gcc -v >&5
Reading specs from /opt/mxe/usr/lib/gcc/i686-w64-mingw32.static/5.5.0/specs
COLLECT_GCC=i686-w64-mingw32.static-gcc
COLLECT_LTO_WRAPPER=/opt/mxe/usr/libexec/gcc/i686-w64-mingw32.static/5.5.0/lto-wrapper
Target: i686-w64-mingw32.static
Configured with: /opt/mxe/tmp-gcc-i686-w64-mingw32.static/gcc-5.5.0/configure ac_cv_prog_HAVE_DOXYGEN=false --enable-doc=no --enable-gtk-doc=no --enable-gtk-doc-html=no --enable-gtk-doc-pdf=no --docdir=/opt/mxe/tmp-gcc-i686-w64-mingw32.static/gcc-5.5.0.build_.sink --infodir=/opt/mxe/tmp-gcc-i686-w64-mingw32.static/gcc-5.5.0.build_.sink --mandir=/opt/mxe/tmp-gcc-i686-w64-mingw32.static/gcc-5.5.0.build_.sink --with-html-dir=/opt/mxe/tmp-gcc-i686-w64-mingw32.static/gcc-5.5.0.build_.sink --disable-doxygen --target=i686-w64-mingw32.static --build=x86_64-pc-linux-gnu --prefix=/opt/mxe/usr --libdir=/opt/mxe/usr/lib --with-sysroot=/opt/mxe/usr/i686-w64-mingw32.static --enable-languages=c,c++,objc,fortran --enable-version-specific-runtime-libs --with-gcc --with-gnu-ld --with-gnu-as --disable-nls --disable-shared --disable-multilib --without-x --disable-win32-registry --enable-threads=posix --enable-sjlj-exceptions --enable-default-ssp --enable-libgomp --with-gmp=/opt/mxe/usr/x86_64-pc-linux-gnu --with-isl=/opt/mxe/usr/x86_64-pc-linux-gnu --with-mpc=/opt/mxe/usr/x86_64-pc-linux-gnu --with-mpfr=/opt/mxe/usr/x86_64-pc-linux-gnu --with-as=/opt/mxe/usr/bin/i686-w64-mingw32.static-as --with-ld=/opt/mxe/usr/bin/i686-w64-mingw32.static-ld --with-nm=/opt/mxe/usr/bin/i686-w64-mingw32.static-nm
Thread model: posix
gcc version 5.5.0 (GCC) 
configure:3373: $? = 0
configure:3362: i686-w64-mingw32.static-gcc -V >&5
i686-w64-mingw32.static-gcc: error: unrecognized command line option '-V'
i686-w64-mingw32.static-gcc: fatal error: no input files
compilation terminated.
configure:3373: $? = 1
configure:3362: i686-w64-mingw32.static-gcc -qversion >&5
i686-w64-mingw32.static-gcc: error: unrecognized command line option '-qversion'
i686-w64-mingw32.static-gcc: fatal error: no input files
compilation terminated.
configure:3373: $? = 1
configure:3393: checking whether the C compiler works
configure:3415: i686-w64-mingw32.static-gcc -O2 -msse2   conftest.c  >&5
configure:3419: $? = 0
configure:3467: result: yes
configure:3470: checking for C compiler default output file name
configure:3472: result: a.exe
configure:3478: checking for suffix of executables
configure:3485: i686-w64-mingw32.static-gcc -o conftest.exe -O2 -msse2   conftest.c  >&5
configure:3489: $? = 0
configure:3511: result: .exe
configure:3533: checking whether we are cross compiling
configure:3541: i686-w64-mingw32.static-gcc -o conftest.exe -O2 -msse2   conftest.c  >&5
configure:3545: $? = 0
configure:3552: ./conftest.exe
./configure: line 3554: ./conftest.exe: cannot execute binary file: Exec format error
configure:3556: $? = 126
configure:3544: result: yes
configure:3549: checking for suffix of object files
configure:3571: i686-w64-mingw32.static-gcc -c -O2 -msse2  conftest.c >&5
configure:3575: $? = 0
configure:3596: result: o
configure:3600: checking whether we are using the GNU C compiler
configure:3619: i686-w64-mingw32.static-gcc -c -O2 -msse2  conftest.c >&5
configure:3619: $? = 0
configure:3628: result: yes
configure:3637: checking whether i686-w64-mingw32.static-gcc accepts -g
configure:3657: i686-w64-mingw32.static-gcc -c -g  conftest.c >&5
configure:3657: $? = 0
configure:3698: result: yes
configure:3715: checking for i686-w64-mingw32.static-gcc option to accept ISO C89
configure:3778: i686-w64-mingw32.static-gcc  -c -O2 -msse2  conftest.c >&5
configure:3778: $? = 0
configure:3791: result: none needed
configure:3816: checking whether i686-w64-mingw32.static-gcc understands -c and -o together
configure:3838: i686-w64-mingw32.static-gcc -c conftest.c -o conftest2.o
configure:3841: $? = 0
configure:3838: i686-w64-mingw32.static-gcc -c conftest.c -o conftest2.o
configure:3841: $? = 0
configure:3853: result: yes
configure:3873: checking whether make supports the include directive
configure:3888: make -f confmf.GNU && cat confinc.out
this is the am__doit target
configure:3891: $? = 0
configure:3910: result: yes (GNU style)
configure:3935: checking dependency style of i686-w64-mingw32.static-gcc
configure:4046: result: gcc3
configure:4090: checking build system type
configure:4104: result: x86_64-pc-linux-gnu
configure:4124: checking host system type
configure:4137: result: i686-w64-mingw32.static
configure:4178: checking how to print strings
configure:4205: result: printf
configure:4226: checking for a sed that does not truncate output
configure:4290: result: /usr/bin/sed
configure:4308: checking for grep that handles long lines and -e
configure:4366: result: /usr/bin/grep
configure:4371: checking for egrep
configure:4433: result: /usr/bin/grep -E
configure:4438: checking for fgrep
configure:4500: result: /usr/bin/grep -F
configure:4535: checking for ld used by i686-w64-mingw32.static-gcc
configure:4602: result: /opt/mxe/usr/bin/i686-w64-mingw32.static-ld
configure:4609: checking if the linker (/opt/mxe/usr/bin/i686-w64-mingw32.static-ld) is GNU ld
configure:4624: result: yes
configure:4636: checking for BSD- or MS-compatible name lister (nm)
configure:4690: result: /opt/mxe/usr/bin/i686-w64-mingw32.static-nm -B
configure:4820: checking the name lister (/opt/mxe/usr/bin/i686-w64-mingw32.static-nm -B) interface
configure:4827: i686-w64-mingw32.static-gcc -c -O2 -msse2  conftest.c >&5
configure:4830: /opt/mxe/usr/bin/i686-w64-mingw32.static-nm -B "conftest.o"
configure:4833: output
00000000 b .bss
00000000 d .data
00000000 r .rdata$zzz
00000000 t .text
00000000 B _some_variable
configure:4834: result: BSD nm
configure:4837: checking whether ln -s works
configure:4841: result: yes
configure:4849: checking the maximum length of command line arguments
configure:4980: result: 1572864
configure:5028: checking how to convert x86_64-pc-linux-gnu file names to i686-w64-mingw32.static format
configure:5068: result: func_convert_file_nix_to_w32
configure:5075: checking how to convert x86_64-pc-linux-gnu file names to toolchain format
configure:5095: result: func_convert_file_noop
configure:5102: checking for /opt/mxe/usr/bin/i686-w64-mingw32.static-ld option to reload object files
configure:5109: result: -r
configure:5143: checking for i686-w64-mingw32.static-objdump
configure:5159: found /opt/mxe/usr/bin/i686-w64-mingw32.static-objdump
configure:5170: result: i686-w64-mingw32.static-objdump
configure:5242: checking how to recognize dependent libraries
configure:5442: result: file_magic ^x86 archive import|^x86 DLL
configure:5487: checking for i686-w64-mingw32.static-dlltool
configure:5503: found /opt/mxe/usr/bin/i686-w64-mingw32.static-dlltool
configure:5514: result: i686-w64-mingw32.static-dlltool
configure:5587: checking how to associate runtime and link libraries
configure:5614: result: func_cygming_dll_for_implib
configure:5631: checking for i686-w64-mingw32.static-ar
configure:5647: found /opt/mxe/usr/bin/i686-w64-mingw32.static-ar
configure:5658: result: i686-w64-mingw32.static-ar
configure:5739: checking for archiver @FILE support
configure:5756: i686-w64-mingw32.static-gcc -c -O2 -msse2  conftest.c >&5
configure:5756: $? = 0
configure:5759: i686-w64-mingw32.static-ar cr libconftest.a @conftest.lst >&5
configure:5762: $? = 0
configure:5767: i686-w64-mingw32.static-ar cr libconftest.a @conftest.lst >&5
i686-w64-mingw32.static-ar: conftest.o: No such file or directory
configure:5770: $? = 1
configure:5769: result: @
configure:5787: checking for i686-w64-mingw32.static-strip
configure:5814: result: i686-w64-mingw32.static-strip
configure:5886: checking for i686-w64-mingw32.static-ranlib
configure:5902: found /opt/mxe/usr/bin/i686-w64-mingw32.static-ranlib
configure:5913: result: i686-w64-mingw32.static-ranlib
configure:6055: checking command to parse /opt/mxe/usr/bin/i686-w64-mingw32.static-nm -B output from i686-w64-mingw32.static-gcc object
configure:6208: i686-w64-mingw32.static-gcc -c -O2 -msse2  conftest.c >&5
configure:6211: $? = 0
configure:6215: /opt/mxe/usr/bin/i686-w64-mingw32.static-nm -B conftest.o | sed -n -e 's/^.*[	 ]\([ABCDGIRSTW][ABCDGIRSTW]*\)[	 ][	 ]*\([_A-Za-z][_A-Za-z0-9]*\)$/\1 \2 \2/p' | sed '/ __gnu_lto/d' > conftest.nm
cannot find nm_test_var in conftest.nm
configure:6208: i686-w64-mingw32.static-gcc -c -O2 -msse2  conftest.c >&5
configure:6211: $? = 0
configure:6215: /opt/mxe/usr/bin/i686-w64-mingw32.static-nm -B conftest.o | sed -n -e 's/^.*[	 ]\([ABCDGIRSTW][ABCDGIRSTW]*\)[	 ][	 ]*_\([_A-Za-z][_A-Za-z0-9]*\)$/\1 _\2 \2/p' | sed '/ __gnu_lto/d' > conftest.nm
configure:6281: i686-w64-mingw32.static-gcc -o conftest.exe -O2 -msse2   conftest.c conftstm.o >&5
configure:6284: $? = 0
configure:6322: result: ok
configure:6369: checking for sysroot
configure:6399: result: no
configure:6406: checking for a working dd
configure:6444: result: /usr/bin/dd
configure:6448: checking how to truncate binary pipes
configure:6463: result: /usr/bin/dd bs=4096 count=1
configure:6752: checking for i686-w64-mingw32.static-mt
configure:6782: result: no
configure:6792: checking for mt
configure:6808: found /usr/bin/mt
configure:6819: result: mt
configure:6831: WARNING: using cross tools not prefixed with host triplet
configure:6842: checking if mt is a manifest tool
configure:6848: mt '-?'
configure:6856: result: no
configure:7533: checking how to run the C preprocessor
configure:7564: i686-w64-mingw32.static-gcc -E  conftest.c
configure:7564: $? = 0
configure:7578: i686-w64-mingw32.static-gcc -E  conftest.c
conftest.c:11:28: fatal error: ac_nonexistent.h: No such file or directory
compilation terminated.
configure:7578: $? = 1
configure: failed program was:
| /* confdefs.h */
| #define PACKAGE_NAME "libusb"
| #define PACKAGE_TARNAME "libusb"
| #define PACKAGE_VERSION "1.0.16-rc10"
| #define PACKAGE_STRING "libusb 1.0.16-rc10"
| #define PACKAGE_BUGREPORT "libusb-devel@lists.sourceforge.net"
| #define PACKAGE_URL "http://www.libusb.org/"
| #define PACKAGE "libusb"
| #define VERSION "1.0.16-rc10"
| /* end confdefs.h.  */
| #include <ac_nonexistent.h>
configure:7603: result: i686-w64-mingw32.static-gcc -E
configure:7623: i686-w64-mingw32.static-gcc -E  conftest.c
configure:7623: $? = 0
configure:7637: i686-w64-mingw32.static-gcc -E  conftest.c
conftest.c:11:28: fatal error: ac_nonexistent.h: No such file or directory
compilation terminated.
configure:7637: $? = 1
configure: failed program was:
| /* confdefs.h */
| #define PACKAGE_NAME "libusb"
| #define PACKAGE_TARNAME "libusb"
| #define PACKAGE_VERSION "1.0.16-rc10"
| #define PACKAGE_STRING "libusb 1.0.16-rc10"
| #define PACKAGE_BUGREPORT "libusb-devel@lists.sourceforge.net"
| #define PACKAGE_URL "http://www.libusb.org/"
| #define PACKAGE "libusb"
| #define VERSION "1.0.16-rc10"
| /* end confdefs.h.  */
| #include <ac_nonexistent.h>
configure:7666: checking for ANSI C header files
configure:7686: i686-w64-mingw32.static-gcc -c -O2 -msse2  conftest.c >&5
configure:7686: $? = 0
configure:7770: result: yes
configure:7783: checking for sys/types.h
configure:7783: i686-w64-mingw32.static-gcc -c -O2 -msse2  conftest.c >&5
configure:7783: $? = 0
configure:7783: result: yes
configure:7783: checking for sys/stat.h
configure:7783: i686-w64-mingw32.static-gcc -c -O2 -msse2  conftest.c >&5
configure:7783: $? = 0
configure:7783: result: yes
configure:7783: checking for stdlib.h
configure:7783: i686-w64-mingw32.static-gcc -c -O2 -msse2  conftest.c >&5
configure:7783: $? = 0
configure:7783: result: yes
configure:7783: checking for string.h
configure:7783: i686-w64-mingw32.static-gcc -c -O2 -msse2  conftest.c >&5
configure:7783: $? = 0
configure:7783: result: yes
configure:7783: checking for memory.h
configure:7783: i686-w64-mingw32.static-gcc -c -O2 -msse2  conftest.c >&5
configure:7783: $? = 0
configure:7783: result: yes
configure:7783: checking for strings.h
configure:7783: i686-w64-mingw32.static-gcc -c -O2 -msse2  conftest.c >&5
configure:7783: $? = 0
configure:7783: result: yes
configure:7783: checking for inttypes.h
configure:7783: i686-w64-mingw32.static-gcc -c -O2 -msse2  conftest.c >&5
configure:7783: $? = 0
configure:7783: result: yes
configure:7783: checking for stdint.h
configure:7783: i686-w64-mingw32.static-gcc -c -O2 -msse2  conftest.c >&5
configure:7783: $? = 0
configure:7783: result: yes
configure:7783: checking for unistd.h
configure:7783: i686-w64-mingw32.static-gcc -c -O2 -msse2  conftest.c >&5
configure:7783: $? = 0
configure:7783: result: yes
configure:7797: checking for dlfcn.h
configure:7797: i686-w64-mingw32.static-gcc -c -O2 -msse2  conftest.c >&5
conftest.c:55:19: fatal error: dlfcn.h: No such file or directory
compilation terminated.
configure:7797: $? = 1
configure: failed program was:
| /* confdefs.h */
| #define PACKAGE_NAME "libusb"
| #define PACKAGE_TARNAME "libusb"
| #define PACKAGE_VERSION "1.0.16-rc10"
| #define PACKAGE_STRING "libusb 1.0.16-rc10"
| #define PACKAGE_BUGREPORT "libusb-devel@lists.sourceforge.net"
| #define PACKAGE_URL "http://www.libusb.org/"
| #define PACKAGE "libusb"
| #define VERSION "1.0.16-rc10"
| #define STDC_HEADERS 1
| #define HAVE_SYS_TYPES_H 1
| #define HAVE_SYS_STAT_H 1
| #define HAVE_STDLIB_H 1
| #define HAVE_STRING_H 1
| #define HAVE_MEMORY_H 1
| #define HAVE_STRINGS_H 1
| #define HAVE_INTTYPES_H 1
| #define HAVE_STDINT_H 1
| #define HAVE_UNISTD_H 1
| /* end confdefs.h.  */
| #include <stdio.h>
| #ifdef HAVE_SYS_TYPES_H
| # include <sys/types.h>
| #endif
| #ifdef HAVE_SYS_STAT_H
| # include <sys/stat.h>
| #endif
| #ifdef STDC_HEADERS
| # include <stdlib.h>
| # include <stddef.h>
| #else
| # ifdef HAVE_STDLIB_H
| #  include <stdlib.h>
| # endif
| #endif
| #ifdef HAVE_STRING_H
| # if !defined STDC_HEADERS && defined HAVE_MEMORY_H
| #  include <memory.h>
| # endif
| # include <string.h>
| #endif
| #ifdef HAVE_STRINGS_H
| # include <strings.h>
| #endif
| #ifdef HAVE_INTTYPES_H
| # include <inttypes.h>
| #endif
| #ifdef HAVE_STDINT_H
| # include <stdint.h>
| #endif
| #ifdef HAVE_UNISTD_H
| # include <unistd.h>
| #endif
| 
| #include <dlfcn.h>
configure:7797: result: no
configure:8053: checking for objdir
configure:8068: result: .libs
configure:8332: checking if i686-w64-mingw32.static-gcc supports -fno-rtti -fno-exceptions
configure:8350: i686-w64-mingw32.static-gcc -c -O2 -msse2  -fno-rtti -fno-exceptions conftest.c >&5
cc1: warning: command line option '-fno-rtti' is valid for C++/ObjC++ but not for C
configure:8354: $? = 0
configure:8367: result: no
configure:8731: checking for i686-w64-mingw32.static-gcc option to produce PIC
configure:8738: result: -DDLL_EXPORT -DPIC
configure:8746: checking if i686-w64-mingw32.static-gcc PIC flag -DDLL_EXPORT -DPIC works
configure:8764: i686-w64-mingw32.static-gcc -c -O2 -msse2  -DDLL_EXPORT -DPIC -DPIC conftest.c >&5
configure:8768: $? = 0
configure:8781: result: yes
configure:8810: checking if i686-w64-mingw32.static-gcc static flag -static works
configure:8838: result: yes
configure:8853: checking if i686-w64-mingw32.static-gcc supports -c -o file.o
configure:8874: i686-w64-mingw32.static-gcc -c -O2 -msse2  -o out/conftest2.o conftest.c >&5
configure:8878: $? = 0
configure:8900: result: yes
configure:8908: checking if i686-w64-mingw32.static-gcc supports -c -o file.o
configure:8955: result: yes
configure:8988: checking whether the i686-w64-mingw32.static-gcc linker (/opt/mxe/usr/bin/i686-w64-mingw32.static-ld) supports shared libraries
configure:10251: result: yes
configure:10491: checking dynamic linker characteristics
configure:11321: result: Win32 ld.exe
configure:11443: checking how to hardcode library paths into programs
configure:11468: result: immediate
configure:12016: checking whether stripping libraries is possible
configure:12021: result: yes
configure:12056: checking if libtool supports shared libraries
configure:12058: result: yes
configure:12061: checking whether to build shared libraries
configure:12086: result: no
configure:12089: checking whether to build static libraries
configure:12093: result: yes
configure:8909: checking for i686-w64-mingw32.static-windres
configure:8925: found /opt/mxe/usr/bin/i686-w64-mingw32.static-windres
configure:8936: result: i686-w64-mingw32.static-windres
configure:9076: checking for inline
configure:9092: i686-w64-mingw32.static-gcc -c -O2 -msse2  conftest.c >&5
configure:9092: $? = 0
configure:9100: result: inline
configure:9125: checking operating system
configure:9149: result: Windows
configure:9444: checking sys/timerfd.h usability
configure:9444: i686-w64-mingw32.static-gcc -c -O2 -msse2  conftest.c >&5
conftest.c:58:25: fatal error: sys/timerfd.h: No such file or directory
compilation terminated.
configure:9444: $? = 1
configure: failed program was:
| /* confdefs.h */
| #define PACKAGE_NAME "libusb"
| #define PACKAGE_TARNAME "libusb"
| #define PACKAGE_VERSION "1.0.16-rc10"
| #define PACKAGE_STRING "libusb 1.0.16-rc10"
| #define PACKAGE_BUGREPORT "libusb-devel@lists.sourceforge.net"
| #define PACKAGE_URL "http://www.libusb.org/"
| #define PACKAGE "libusb"
| #define VERSION "1.0.16-rc10"
| #define STDC_HEADERS 1
| #define HAVE_SYS_TYPES_H 1
| #define HAVE_SYS_STAT_H 1
| #define HAVE_STDLIB_H 1
| #define HAVE_STRING_H 1
| #define HAVE_MEMORY_H 1
| #define HAVE_STRINGS_H 1
| #define HAVE_INTTYPES_H 1
| #define HAVE_STDINT_H 1
| #define HAVE_UNISTD_H 1
| #define LT_OBJDIR ".libs/"
| #define _GNU_SOURCE 1
| #define OS_WINDOWS 1
| #define POLL_NFDS_TYPE unsigned int
| /* end confdefs.h.  */
| #include <stdio.h>
| #ifdef HAVE_SYS_TYPES_H
| # include <sys/types.h>
| #endif
| #ifdef HAVE_SYS_STAT_H
| # include <sys/stat.h>
| #endif
| #ifdef STDC_HEADERS
| # include <stdlib.h>
| # include <stddef.h>
| #else
| # ifdef HAVE_STDLIB_H
| #  include <stdlib.h>
| # endif
| #endif
| #ifdef HAVE_STRING_H
| # if !defined STDC_HEADERS && defined HAVE_MEMORY_H
| #  include <memory.h>
| # endif
| # include <string.h>
| #endif
| #ifdef HAVE_STRINGS_H
| # include <strings.h>
| #endif
| #ifdef HAVE_INTTYPES_H
| # include <inttypes.h>
| #endif
| #ifdef HAVE_STDINT_H
| # include <stdint.h>
| #endif
| #ifdef HAVE_UNISTD_H
| # include <unistd.h>
| #endif
| #include <sys/timerfd.h>
configure:9444: result: no
configure:9444: checking sys/timerfd.h presence
configure:9444: i686-w64-mingw32.static-gcc -E  conftest.c
conftest.c:25:25: fatal error: sys/timerfd.h: No such file or directory
compilation terminated.
configure:9444: $? = 1
configure: failed program was:
| /* confdefs.h */
| #define PACKAGE_NAME "libusb"
| #define PACKAGE_TARNAME "libusb"
| #define PACKAGE_VERSION "1.0.16-rc10"
| #define PACKAGE_STRING "libusb 1.0.16-rc10"
| #define PACKAGE_BUGREPORT "libusb-devel@lists.sourceforge.net"
| #define PACKAGE_URL "http://www.libusb.org/"
| #define PACKAGE "libusb"
| #define VERSION "1.0.16-rc10"
| #define STDC_HEADERS 1
| #define HAVE_SYS_TYPES_H 1
| #define HAVE_SYS_STAT_H 1
| #define HAVE_STDLIB_H 1
| #define HAVE_STRING_H 1
| #define HAVE_MEMORY_H 1
| #define HAVE_STRINGS_H 1
| #define HAVE_INTTYPES_H 1
| #define HAVE_STDINT_H 1
| #define HAVE_UNISTD_H 1
| #define LT_OBJDIR ".libs/"
| #define _GNU_SOURCE 1
| #define OS_WINDOWS 1
| #define POLL_NFDS_TYPE unsigned int
| /* end confdefs.h.  */
| #include <sys/timerfd.h>
configure:9444: result: no
configure:9444: checking for sys/timerfd.h
configure:9444: result: no
configure:9464: checking whether TFD_NONBLOCK is declared
configure:9464: i686-w64-mingw32.static-gcc -c -O2 -msse2  conftest.c >&5
conftest.c:25:25: fatal error: sys/timerfd.h: No such file or directory
compilation terminated.
configure:9464: $? = 1
configure: failed program was:
| /* confdefs.h */
| #define PACKAGE_NAME "libusb"
| #define PACKAGE_TARNAME "libusb"
| #define PACKAGE_VERSION "1.0.16-rc10"
| #define PACKAGE_STRING "libusb 1.0.16-rc10"
| #define PACKAGE_BUGREPORT "libusb-devel@lists.sourceforge.net"
| #define PACKAGE_URL "http://www.libusb.org/"
| #define PACKAGE "libusb"
| #define VERSION "1.0.16-rc10"
| #define STDC_HEADERS 1
| #define HAVE_SYS_TYPES_H 1
| #define HAVE_SYS_STAT_H 1
| #define HAVE_STDLIB_H 1
| #define HAVE_STRING_H 1
| #define HAVE_MEMORY_H 1
| #define HAVE_STRINGS_H 1
| #define HAVE_INTTYPES_H 1
| #define HAVE_STDINT_H 1
| #define HAVE_UNISTD_H 1
| #define LT_OBJDIR ".libs/"
| #define _GNU_SOURCE 1
| #define OS_WINDOWS 1
| #define POLL_NFDS_TYPE unsigned int
| /* end confdefs.h.  */
| #include <sys/timerfd.h>
| 
| int
| main ()
| {
| #ifndef TFD_NONBLOCK
| #ifdef __cplusplus
|   (void) TFD_NONBLOCK;
| #else
|   (void) TFD_NONBLOCK;
| #endif
| #endif
| 
|   ;
|   return 0;
| }
configure:9464: result: no
configure:9476: checking whether to use timerfd for timing
configure:9489: result: no (header not available)
configure:9494: checking for struct timespec
configure:9494: i686-w64-mingw32.static-gcc -c -O2 -msse2  conftest.c >&5
configure:9494: $? = 0
configure:9494: i686-w64-mingw32.static-gcc -c -O2 -msse2  conftest.c >&5
conftest.c: In function 'main':
conftest.c:61:30: error: expected expression before ')' token
 if (sizeof ((struct timespec)))
                              ^
configure:9494: $? = 1
configure: failed program was:
| /* confdefs.h */
| #define PACKAGE_NAME "libusb"
| #define PACKAGE_TARNAME "libusb"
| #define PACKAGE_VERSION "1.0.16-rc10"
| #define PACKAGE_STRING "libusb 1.0.16-rc10"
| #define PACKAGE_BUGREPORT "libusb-devel@lists.sourceforge.net"
| #define PACKAGE_URL "http://www.libusb.org/"
| #define PACKAGE "libusb"
| #define VERSION "1.0.16-rc10"
| #define STDC_HEADERS 1
| #define HAVE_SYS_TYPES_H 1
| #define HAVE_SYS_STAT_H 1
| #define HAVE_STDLIB_H 1
| #define HAVE_STRING_H 1
| #define HAVE_MEMORY_H 1
| #define HAVE_STRINGS_H 1
| #define HAVE_INTTYPES_H 1
| #define HAVE_STDINT_H 1
| #define HAVE_UNISTD_H 1
| #define LT_OBJDIR ".libs/"
| #define _GNU_SOURCE 1
| #define OS_WINDOWS 1
| #define POLL_NFDS_TYPE unsigned int
| /* end confdefs.h.  */
| #include <stdio.h>
| #ifdef HAVE_SYS_TYPES_H
| # include <sys/types.h>
| #endif
| #ifdef HAVE_SYS_STAT_H
| # include <sys/stat.h>
| #endif
| #ifdef STDC_HEADERS
| # include <stdlib.h>
| # include <stddef.h>
| #else
| # ifdef HAVE_STDLIB_H
| #  include <stdlib.h>
| # endif
| #endif
| #ifdef HAVE_STRING_H
| # if !defined STDC_HEADERS && defined HAVE_MEMORY_H
| #  include <memory.h>
| # endif
| # include <string.h>
| #endif
| #ifdef HAVE_STRINGS_H
| # include <strings.h>
| #endif
| #ifdef HAVE_INTTYPES_H
| # include <inttypes.h>
| #endif
| #ifdef HAVE_STDINT_H
| # include <stdint.h>
| #endif
| #ifdef HAVE_UNISTD_H
| # include <unistd.h>
| #endif
| int
| main ()
| {
| if (sizeof ((struct timespec)))
| 	    return 0;
|   ;
|   return 0;
| }
configure:9494: result: yes
configure:9564: i686-w64-mingw32.static-gcc -c -O2 -msse2 -Werror -fvisibility=hidden  conftest.c >&5
configure:9564: $? = 0
configure:9592: i686-w64-mingw32.static-gcc -c -O2 -msse2 -Wno-pointer-sign  conftest.c >&5
configure:9592: $? = 0
configure:9601: checking for sigaction
configure:9601: i686-w64-mingw32.static-gcc -o conftest.exe -O2 -msse2   conftest.c  >&5
/tmp/ccxHrBj7.o:conftest.c:(.text.startup+0xc): undefined reference to `sigaction'
collect2: error: ld returned 1 exit status
configure:9601: $? = 1
configure: failed program was:
| /* confdefs.h */
| #define PACKAGE_NAME "libusb"
| #define PACKAGE_TARNAME "libusb"
| #define PACKAGE_VERSION "1.0.16-rc10"
| #define PACKAGE_STRING "libusb 1.0.16-rc10"
| #define PACKAGE_BUGREPORT "libusb-devel@lists.sourceforge.net"
| #define PACKAGE_URL "http://www.libusb.org/"
| #define PACKAGE "libusb"
| #define VERSION "1.0.16-rc10"
| #define STDC_HEADERS 1
| #define HAVE_SYS_TYPES_H 1
| #define HAVE_SYS_STAT_H 1
| #define HAVE_STDLIB_H 1
| #define HAVE_STRING_H 1
| #define HAVE_MEMORY_H 1
| #define HAVE_STRINGS_H 1
| #define HAVE_INTTYPES_H 1
| #define HAVE_STDINT_H 1
| #define HAVE_UNISTD_H 1
| #define LT_OBJDIR ".libs/"
| #define _GNU_SOURCE 1
| #define OS_WINDOWS 1
| #define POLL_NFDS_TYPE unsigned int
| #define HAVE_STRUCT_TIMESPEC 1
| #define ENABLE_LOGGING 1
| #define DEFAULT_VISIBILITY __attribute__((visibility("default")))
| /* end confdefs.h.  */
| /* Define sigaction to an innocuous variant, in case <limits.h> declares sigaction.
|    For example, HP-UX 11i <limits.h> declares gettimeofday.  */
| #define sigaction innocuous_sigaction
| 
| /* System header to define __stub macros and hopefully few prototypes,
|     which can conflict with char sigaction (); below.
|     Prefer <limits.h> to <assert.h> if __STDC__ is defined, since
|     <limits.h> exists even on freestanding compilers.  */
| 
| #ifdef __STDC__
| # include <limits.h>
| #else
| # include <assert.h>
| #endif
| 
| #undef sigaction
| 
| /* Override any GCC internal prototype to avoid an error.
|    Use char because int might match the return type of a GCC
|    builtin and then its argument prototype would still apply.  */
| #ifdef __cplusplus
| extern "C"
| #endif
| char sigaction ();
| /* The GNU C library defines this for functions which it implements
|     to always fail with ENOSYS.  Some functions are actually named
|     something starting with __ and the normal name is an alias.  */
| #if defined __stub_sigaction || defined __stub___sigaction
| choke me
| #endif
| 
| int
| main ()
| {
| return sigaction ();
|   ;
|   return 0;
| }
configure:9601: result: no
configure:9620: checking sys/time.h usability
configure:9620: i686-w64-mingw32.static-gcc -c -O2 -msse2  conftest.c >&5
configure:9620: $? = 0
configure:9620: result: yes
configure:9620: checking sys/time.h presence
configure:9620: i686-w64-mingw32.static-gcc -E  conftest.c
configure:9620: $? = 0
configure:9620: result: yes
configure:9620: checking for sys/time.h
configure:9620: result: yes
configure:9632: checking for gettimeofday
configure:9632: i686-w64-mingw32.static-gcc -o conftest.exe -O2 -msse2   conftest.c  >&5
configure:9632: $? = 0
configure:9632: result: yes
configure:9754: checking that generated files are newer than configure
configure:9760: result: done
configure:9819: creating ./config.status

## ---------------------- ##
## Running config.status. ##
## ---------------------- ##

This file was extended by libusb config.status 1.0.16-rc10, which was
generated by GNU Autoconf 2.69.  Invocation command line was

  CONFIG_FILES    = 
  CONFIG_HEADERS  = 
  CONFIG_LINKS    = 
  CONFIG_COMMANDS = 
  $ ./config.status 

on ubuntu

config.status:1174: creating libusb-1.0.pc
config.status:1174: creating Makefile
config.status:1174: creating libusb/Makefile
config.status:1174: creating config.h
config.status:1355: config.h is unchanged
config.status:1403: executing depfiles commands
config.status:1480: cd libusb       && sed -e '/# am--include-marker/d' Makefile         | make -f - am--depfiles
make: Nothing to be done for 'am--depfiles'.
config.status:1485: $? = 0
config.status:1403: executing libtool commands

## ---------------- ##
## Cache variables. ##
## ---------------- ##

ac_cv_build=x86_64-pc-linux-gnu
ac_cv_c_compiler_gnu=yes
ac_cv_c_inline=inline
ac_cv_env_CC_set=
ac_cv_env_CC_value=
ac_cv_env_CFLAGS_set=set
ac_cv_env_CFLAGS_value='-O2 -msse2'
ac_cv_env_CPPFLAGS_set=
ac_cv_env_CPPFLAGS_value=
ac_cv_env_CPP_set=
ac_cv_env_CPP_value=
ac_cv_env_LDFLAGS_set=
ac_cv_env_LDFLAGS_value=
ac_cv_env_LIBS_set=
ac_cv_env_LIBS_value=
ac_cv_env_LT_SYS_LIBRARY_PATH_set=
ac_cv_env_LT_SYS_LIBRARY_PATH_value=
ac_cv_env_build_alias_set=
ac_cv_env_build_alias_value=
ac_cv_env_host_alias_set=set
ac_cv_env_host_alias_value=i686-w64-mingw32.static
ac_cv_env_target_alias_set=
ac_cv_env_target_alias_value=
ac_cv_exeext=.exe
ac_cv_func_gettimeofday=yes
ac_cv_func_sigaction=no
ac_cv_have_decl_TFD_NONBLOCK=no
ac_cv_header_dlfcn_h=no
ac_cv_header_inttypes_h=yes
ac_cv_header_memory_h=yes
ac_cv_header_stdc=yes
ac_cv_header_stdint_h=yes
ac_cv_header_stdlib_h=yes
ac_cv_header_string_h=yes
ac_cv_header_strings_h=yes
ac_cv_header_sys_stat_h=yes
ac_cv_header_sys_time_h=yes
ac_cv_header_sys_timerfd_h=no
ac_cv_header_sys_types_h=yes
ac_cv_header_unistd_h=yes
ac_cv_host=i686-w64-mingw32.static
ac_cv_objext=o
ac_cv_path_EGREP='/usr/bin/grep -E'
ac_cv_path_FGREP='/usr/bin/grep -F'
ac_cv_path_GREP=/usr/bin/grep
ac_cv_path_SED=/usr/bin/sed
ac_cv_path_install='/usr/bin/install -c'
ac_cv_path_lt_DD=/usr/bin/dd
ac_cv_path_mkdir=/usr/bin/mkdir
ac_cv_prog_AR=i686-w64-mingw32.static-ar
ac_cv_prog_AWK=gawk
ac_cv_prog_CC=i686-w64-mingw32.static-gcc
ac_cv_prog_CPP='i686-w64-mingw32.static-gcc -E'
ac_cv_prog_DLLTOOL=i686-w64-mingw32.static-dlltool
ac_cv_prog_OBJDUMP=i686-w64-mingw32.static-objdump
ac_cv_prog_RANLIB=i686-w64-mingw32.static-ranlib
ac_cv_prog_RC=i686-w64-mingw32.static-windres
ac_cv_prog_STRIP=i686-w64-mingw32.static-strip
ac_cv_prog_ac_ct_MANIFEST_TOOL=mt
ac_cv_prog_cc_c89=
ac_cv_prog_cc_g=yes
ac_cv_prog_make_make_set=yes
ac_cv_type_struct_timespec=yes
am_cv_CC_dependencies_compiler_type=gcc3
am_cv_make_support_nested_variables=yes
am_cv_prog_cc_c_o=yes
lt_cv_ar_at_file=@
lt_cv_deplibs_check_method='file_magic ^x86 archive import|^x86 DLL'
lt_cv_file_magic_cmd=func_win32_libid
lt_cv_file_magic_test_file=
lt_cv_ld_reload_flag=-r
lt_cv_nm_interface='BSD nm'
lt_cv_objdir=.libs
lt_cv_path_LD=/opt/mxe/usr/bin/i686-w64-mingw32.static-ld
lt_cv_path_NM='/opt/mxe/usr/bin/i686-w64-mingw32.static-nm -B'
lt_cv_path_mainfest_tool=no
lt_cv_prog_compiler_c_o=yes
lt_cv_prog_compiler_c_o_RC=yes
lt_cv_prog_compiler_pic='-DDLL_EXPORT -DPIC'
lt_cv_prog_compiler_pic_works=yes
lt_cv_prog_compiler_rtti_exceptions=no
lt_cv_prog_compiler_static_works=yes
lt_cv_prog_gnu_ld=yes
lt_cv_sharedlib_from_linklib_cmd=func_cygming_dll_for_implib
lt_cv_sys_global_symbol_pipe='sed -n -e '\''s/^.*[	 ]\([ABCDGIRSTW][ABCDGIRSTW]*\)[	 ][	 ]*_\([_A-Za-z][_A-Za-z0-9]*\)$/\1 _\2 \2/p'\'' | sed '\''/ __gnu_lto/d'\'''
lt_cv_sys_global_symbol_to_c_name_address='sed -n -e '\''s/^: \(.*\) .*$/  {"\1", (void *) 0},/p'\'' -e '\''s/^[ABCDGIRSTW][ABCDGIRSTW]* .* \(.*\)$/  {"\1", (void *) \&\1},/p'\'''
lt_cv_sys_global_symbol_to_c_name_address_lib_prefix='sed -n -e '\''s/^: \(.*\) .*$/  {"\1", (void *) 0},/p'\'' -e '\''s/^[ABCDGIRSTW][ABCDGIRSTW]* .* \(lib.*\)$/  {"\1", (void *) \&\1},/p'\'' -e '\''s/^[ABCDGIRSTW][ABCDGIRSTW]* .* \(.*\)$/  {"lib\1", (void *) \&\1},/p'\'''
lt_cv_sys_global_symbol_to_cdecl='sed -n -e '\''s/^T .* \(.*\)$/extern int \1();/p'\'' -e '\''s/^[ABCDGIRSTW][ABCDGIRSTW]* .* \(.*\)$/extern char \1;/p'\'''
lt_cv_sys_global_symbol_to_import=
lt_cv_sys_max_cmd_len=1572864
lt_cv_to_host_file_cmd=func_convert_file_nix_to_w32
lt_cv_to_tool_file_cmd=func_convert_file_noop
lt_cv_truncate_bin='/usr/bin/dd bs=4096 count=1'

## ----------------- ##
## Output variables. ##
## ----------------- ##

ACLOCAL='${SHELL} /home/wareck/cgminer-lketc/compat/libusb-1.0/missing aclocal-1.16'
AMDEPBACKSLASH='\'
AMDEP_FALSE='#'
AMDEP_TRUE=''
AMTAR='$${TAR-tar}'
AM_BACKSLASH='\'
AM_CFLAGS='-std=gnu99 -Wall -Wundef -Wunused -Wstrict-prototypes -Werror-implicit-function-declaration -Wno-pointer-sign -Wshadow  -fvisibility=hidden'
AM_DEFAULT_V='$(AM_DEFAULT_VERBOSITY)'
AM_DEFAULT_VERBOSITY='0'
AM_V='$(V)'
AR='i686-w64-mingw32.static-ar'
AUTOCONF='${SHELL} /home/wareck/cgminer-lketc/compat/libusb-1.0/missing autoconf'
AUTOHEADER='${SHELL} /home/wareck/cgminer-lketc/compat/libusb-1.0/missing autoheader'
AUTOMAKE='${SHELL} /home/wareck/cgminer-lketc/compat/libusb-1.0/missing automake-1.16'
AWK='gawk'
BUILD_EXAMPLES_FALSE=''
BUILD_EXAMPLES_TRUE='#'
CC='i686-w64-mingw32.static-gcc'
CCDEPMODE='depmode=gcc3'
CFLAGS='-O2 -msse2'
CPP='i686-w64-mingw32.static-gcc -E'
CPPFLAGS=''
CYGPATH_W='echo'
DEFS='-DHAVE_CONFIG_H'
DEPDIR='.deps'
DLLTOOL='i686-w64-mingw32.static-dlltool'
DSYMUTIL=''
DUMPBIN=''
ECHO_C=''
ECHO_N='-n'
ECHO_T=''
EGREP='/usr/bin/grep -E'
EXEEXT='.exe'
FGREP='/usr/bin/grep -F'
GREP='/usr/bin/grep'
HAVE_SIGACTION_FALSE=''
HAVE_SIGACTION_TRUE='#'
INSTALL_DATA='${INSTALL} -m 644'
INSTALL_PROGRAM='${INSTALL}'
INSTALL_SCRIPT='${INSTALL}'
INSTALL_STRIP_PROGRAM='$(install_sh) -c -s'
LD='/opt/mxe/usr/bin/i686-w64-mingw32.static-ld'
LDFLAGS=''
LIBOBJS=''
LIBS=''
LIBTOOL='$(SHELL) $(top_builddir)/libtool'
LIPO=''
LN_S='ln -s'
LTLDFLAGS='-version-info 2:0:0 -no-undefined -avoid-version -Wl,--add-stdcall-alias'
LTLIBOBJS=''
LT_SYS_LIBRARY_PATH=''
MAINT='#'
MAINTAINER_MODE_FALSE=''
MAINTAINER_MODE_TRUE='#'
MAKEINFO='${SHELL} /home/wareck/cgminer-lketc/compat/libusb-1.0/missing makeinfo'
MANIFEST_TOOL=':'
MKDIR_P='/usr/bin/mkdir -p'
NM='/opt/mxe/usr/bin/i686-w64-mingw32.static-nm -B'
NMEDIT=''
OBJDUMP='i686-w64-mingw32.static-objdump'
OBJEXT='o'
OS_DARWIN=''
OS_DARWIN_FALSE=''
OS_DARWIN_TRUE='#'
OS_LINUX=''
OS_LINUX_FALSE=''
OS_LINUX_TRUE='#'
OS_OPENBSD=''
OS_OPENBSD_FALSE=''
OS_OPENBSD_TRUE='#'
OS_WINDOWS=''
OS_WINDOWS_FALSE='#'
OS_WINDOWS_TRUE=''
OTOOL64=''
OTOOL=''
PACKAGE='libusb'
PACKAGE_BUGREPORT='libusb-devel@lists.sourceforge.net'
PACKAGE_NAME='libusb'
PACKAGE_STRING='libusb 1.0.16-rc10'
PACKAGE_TARNAME='libusb'
PACKAGE_URL='http://www.libusb.org/'
PACKAGE_VERSION='1.0.16-rc10'
PATH_SEPARATOR=':'
RANLIB='i686-w64-mingw32.static-ranlib'
RC='i686-w64-mingw32.static-windres'
SED='/usr/bin/sed'
SET_MAKE=''
SHELL='/bin/bash'
STRIP='i686-w64-mingw32.static-strip'
THREADS_POSIX_FALSE=''
THREADS_POSIX_TRUE='#'
USE_UDEV=''
USE_UDEV_FALSE=''
USE_UDEV_TRUE='#'
VERSION='1.0.16-rc10'
ac_ct_AR=''
ac_ct_CC=''
ac_ct_DUMPBIN=''
am__EXEEXT_FALSE='#'
am__EXEEXT_TRUE=''
am__fastdepCC_FALSE='#'
am__fastdepCC_TRUE=''
am__include='include'
am__isrc=''
am__leading_dot='.'
am__nodep='_no'
am__quote=''
am__tar='$${TAR-tar} chof - "$$tardir"'
am__untar='$${TAR-tar} xf -'
bindir='${exec_prefix}/bin'
build='x86_64-pc-linux-gnu'
build_alias=''
build_cpu='x86_64'
build_os='linux-gnu'
build_vendor='pc'
datadir='${datarootdir}'
datarootdir='${prefix}/share'
docdir='${datarootdir}/doc/${PACKAGE_TARNAME}'
dvidir='${docdir}'
exec_prefix='${prefix}'
host='i686-w64-mingw32.static'
host_alias='i686-w64-mingw32.static'
host_cpu='i686'
host_os='mingw32.static'
host_vendor='w64'
htmldir='${docdir}'
includedir='${prefix}/include'
infodir='${datarootdir}/info'
install_sh='${SHELL} /home/wareck/cgminer-lketc/compat/libusb-1.0/install-sh'
libdir='${exec_prefix}/lib'
libexecdir='${exec_prefix}/libexec'
localedir='${datarootdir}/locale'
localstatedir='${prefix}/var'
mandir='${datarootdir}/man'
mkdir_p='$(MKDIR_P)'
oldincludedir='/usr/include'
pdfdir='${docdir}'
prefix='/usr/local'
program_transform_name='s,x,x,'
psdir='${docdir}'
runstatedir='${localstatedir}/run'
sbindir='${exec_prefix}/sbin'
sharedstatedir='${prefix}/com'
sysconfdir='${prefix}/etc'
target_alias=''

## ----------- ##
## confdefs.h. ##
## ----------- ##

/* confdefs.h */
#define PACKAGE_NAME "libusb"
#define PACKAGE_TARNAME "libusb"
#define PACKAGE_VERSION "1.0.16-rc10"
#define PACKAGE_STRING "libusb 1.0.16-rc10"
#define PACKAGE_BUGREPORT "libusb-devel@lists.sourceforge.net"
#define PACKAGE_URL "http://www.libusb.org/"
#define PACKAGE "libusb"
#define VERSION "1.0.16-rc10"
#define STDC_HEADERS 1
#define HAVE_SYS_TYPES_H 1
#define HAVE_SYS_STAT_H 1
#define HAVE_STDLIB_H 1
#define HAVE_STRING_H 1
#define HAVE_MEMORY_H 1
#define HAVE_STRINGS_H 1
#define HAVE_INTTYPES_H 1
#define HAVE_STDINT_H 1
#define HAVE_UNISTD_H 1
#define LT_OBJDIR ".libs/"
#define _GNU_SOURCE 1
#define OS_WINDOWS 1
#define POLL_NFDS_TYPE unsigned int
#define HAVE_STRUCT_TIMESPEC 1
#define ENABLE_LOGGING 1
#define DEFAULT_VISIBILITY __attribute__((visibility("default")))
#define HAVE_SYS_TIME_H 1
#define HAVE_GETTIMEOFDAY 1

configure: exit 0
