This file contains any messages produced by compilers while
running configure, to aid debugging if configure makes a mistake.

It was created by jansson configure 2.6, which was
generated by GNU Autoconf 2.69.  Invocation command line was

  $ ./configure --disable-option-checking --prefix=/usr/local --enable-scrypt --enable-zeus --enable-lketc --enable-gridseed --cache-file=/dev/null --srcdir=.

## --------- ##
## Platform. ##
## --------- ##

hostname = gekko
uname -m = armv7l
uname -r = 5.10.11-v7+
uname -s = Linux
uname -v = #1399 SMP Thu Jan 28 12:06:05 GMT 2021

/usr/bin/uname -p = unknown
/bin/uname -X     = unknown

/bin/arch              = armv7l
/usr/bin/arch -k       = unknown
/usr/convex/getsysinfo = unknown
/usr/bin/hostinfo      = unknown
/bin/machine           = unknown
/usr/bin/oslevel       = unknown
/bin/universe          = unknown

PATH: /usr/local/sbin
PATH: /usr/local/bin
PATH: /usr/sbin
PATH: /usr/bin
PATH: /sbin
PATH: /bin
PATH: /usr/local/games
PATH: /usr/games


## ----------- ##
## Core tests. ##
## ----------- ##

configure:2409: checking for a BSD-compatible install
configure:2477: result: /usr/bin/install -c
configure:2488: checking whether build environment is sane
configure:2543: result: yes
configure:2692: checking for a thread-safe mkdir -p
configure:2731: result: /usr/bin/mkdir -p
configure:2738: checking for gawk
configure:2768: result: no
configure:2738: checking for mawk
configure:2754: found /usr/bin/mawk
configure:2765: result: mawk
configure:2776: checking whether make sets $(MAKE)
configure:2798: result: yes
configure:2827: checking whether make supports nested variables
configure:2844: result: yes
configure:2981: checking whether make supports nested variables
configure:2998: result: yes
configure:3063: checking for gcc
configure:3079: found /usr/bin/gcc
configure:3090: result: gcc
configure:3319: checking for C compiler version
configure:3328: gcc --version >&5
gcc (Raspbian 8.3.0-6+rpi1) 8.3.0
Copyright (C) 2018 Free Software Foundation, Inc.
This is free software; see the source for copying conditions.  There is NO
warranty; not even for MERCHANTABILITY or FITNESS FOR A PARTICULAR PURPOSE.

configure:3339: $? = 0
configure:3328: gcc -v >&5
Using built-in specs.
COLLECT_GCC=gcc
COLLECT_LTO_WRAPPER=/usr/lib/gcc/arm-linux-gnueabihf/8/lto-wrapper
Target: arm-linux-gnueabihf
Configured with: ../src/configure -v --with-pkgversion='Raspbian 8.3.0-6+rpi1' --with-bugurl=file:///usr/share/doc/gcc-8/README.Bugs --enable-languages=c,ada,c++,go,d,fortran,objc,obj-c++ --prefix=/usr --with-gcc-major-version-only --program-suffix=-8 --program-prefix=arm-linux-gnueabihf- --enable-shared --enable-linker-build-id --libexecdir=/usr/lib --without-included-gettext --enable-threads=posix --libdir=/usr/lib --enable-nls --enable-bootstrap --enable-clocale=gnu --enable-libstdcxx-debug --enable-libstdcxx-time=yes --with-default-libstdcxx-abi=new --enable-gnu-unique-object --disable-libitm --disable-libquadmath --disable-libquadmath-support --enable-plugin --with-system-zlib --with-target-system-zlib --enable-objc-gc=auto --enable-multiarch --disable-sjlj-exceptions --with-arch=armv6 --with-fpu=vfp --with-float=hard --disable-werror --enable-checking=release --build=arm-linux-gnueabihf --host=arm-linux-gnueabihf --target=arm-linux-gnueabihf
Thread model: posix
gcc version 8.3.0 (Raspbian 8.3.0-6+rpi1) 
configure:3339: $? = 0
configure:3328: gcc -V >&5
gcc: error: unrecognized command line option '-V'
gcc: fatal error: no input files
compilation terminated.
configure:3339: $? = 1
configure:3328: gcc -qversion >&5
gcc: error: unrecognized command line option '-qversion'; did you mean '--version'?
gcc: fatal error: no input files
compilation terminated.
configure:3339: $? = 1
configure:3359: checking whether the C compiler works
configure:3381: gcc    conftest.c  >&5
configure:3385: $? = 0
configure:3433: result: yes
configure:3436: checking for C compiler default output file name
configure:3438: result: a.out
configure:3444: checking for suffix of executables
configure:3451: gcc -o conftest    conftest.c  >&5
configure:3455: $? = 0
configure:3477: result: 
configure:3499: checking whether we are cross compiling
configure:3507: gcc -o conftest    conftest.c  >&5
configure:3511: $? = 0
configure:3518: ./conftest
configure:3522: $? = 0
configure:3510: result: no
configure:3515: checking for suffix of object files
configure:3537: gcc -c   conftest.c >&5
configure:3541: $? = 0
configure:3562: result: o
configure:3566: checking whether we are using the GNU C compiler
configure:3585: gcc -c   conftest.c >&5
configure:3585: $? = 0
configure:3594: result: yes
configure:3603: checking whether gcc accepts -g
configure:3623: gcc -c -g  conftest.c >&5
configure:3623: $? = 0
configure:3664: result: yes
configure:3681: checking for gcc option to accept ISO C89
configure:3744: gcc  -c -g -O2  conftest.c >&5
configure:3744: $? = 0
configure:3757: result: none needed
configure:3782: checking whether gcc understands -c and -o together
configure:3804: gcc -c conftest.c -o conftest2.o
configure:3807: $? = 0
configure:3804: gcc -c conftest.c -o conftest2.o
configure:3807: $? = 0
configure:3819: result: yes
configure:3839: checking whether make supports the include directive
configure:3854: make -f confmf.GNU && cat confinc.out
this is the am__doit target
configure:3857: $? = 0
configure:3876: result: yes (GNU style)
configure:3901: checking dependency style of gcc
configure:4012: result: gcc3
configure:4056: checking build system type
configure:4070: result: armv7l-unknown-linux-gnueabihf
configure:4090: checking host system type
configure:4103: result: armv7l-unknown-linux-gnueabihf
configure:4144: checking how to print strings
configure:4171: result: printf
configure:4192: checking for a sed that does not truncate output
configure:4256: result: /usr/bin/sed
configure:4274: checking for grep that handles long lines and -e
configure:4332: result: /usr/bin/grep
configure:4337: checking for egrep
configure:4399: result: /usr/bin/grep -E
configure:4404: checking for fgrep
configure:4466: result: /usr/bin/grep -F
configure:4501: checking for ld used by gcc
configure:4568: result: /usr/bin/ld
configure:4575: checking if the linker (/usr/bin/ld) is GNU ld
configure:4590: result: yes
configure:4602: checking for BSD- or MS-compatible name lister (nm)
configure:4656: result: /usr/bin/nm -B
configure:4786: checking the name lister (/usr/bin/nm -B) interface
configure:4793: gcc -c -g -O2  conftest.c >&5
configure:4796: /usr/bin/nm -B "conftest.o"
configure:4799: output
00000000 B some_variable
configure:4800: result: BSD nm
configure:4803: checking whether ln -s works
configure:4807: result: yes
configure:4815: checking the maximum length of command line arguments
configure:4946: result: 1572864
configure:4994: checking how to convert armv7l-unknown-linux-gnueabihf file names to armv7l-unknown-linux-gnueabihf format
configure:5034: result: func_convert_file_noop
configure:5041: checking how to convert armv7l-unknown-linux-gnueabihf file names to toolchain format
configure:5061: result: func_convert_file_noop
configure:5068: checking for /usr/bin/ld option to reload object files
configure:5075: result: -r
configure:5149: checking for objdump
configure:5165: found /usr/bin/objdump
configure:5176: result: objdump
configure:5208: checking how to recognize dependent libraries
configure:5408: result: pass_all
configure:5493: checking for dlltool
configure:5523: result: no
configure:5553: checking how to associate runtime and link libraries
configure:5580: result: printf %s\n
configure:5641: checking for ar
configure:5657: found /usr/bin/ar
configure:5668: result: ar
configure:5705: checking for archiver @FILE support
configure:5722: gcc -c -g -O2  conftest.c >&5
configure:5722: $? = 0
configure:5725: ar cru libconftest.a @conftest.lst >&5
ar: `u' modifier ignored since `D' is the default (see `U')
configure:5728: $? = 0
configure:5733: ar cru libconftest.a @conftest.lst >&5
ar: `u' modifier ignored since `D' is the default (see `U')
ar: conftest.o: No such file or directory
configure:5736: $? = 1
configure:5735: result: @
configure:5793: checking for strip
configure:5809: found /usr/bin/strip
configure:5820: result: strip
configure:5892: checking for ranlib
configure:5908: found /usr/bin/ranlib
configure:5919: result: ranlib
configure:6021: checking command to parse /usr/bin/nm -B output from gcc object
configure:6174: gcc -c -g -O2  conftest.c >&5
configure:6177: $? = 0
configure:6181: /usr/bin/nm -B conftest.o | sed -n -e 's/^.*[	 ]\([ABCDGIRSTW][ABCDGIRSTW]*\)[	 ][	 ]*\([_A-Za-z][_A-Za-z0-9]*\)$/\1 \2 \2/p' | sed '/ __gnu_lto/d' > conftest.nm
configure:6247: gcc -o conftest -g -O2   conftest.c conftstm.o >&5
configure:6250: $? = 0
configure:6288: result: ok
configure:6335: checking for sysroot
configure:6365: result: no
configure:6372: checking for a working dd
configure:6410: result: /usr/bin/dd
configure:6414: checking how to truncate binary pipes
configure:6429: result: /usr/bin/dd bs=4096 count=1
configure:6758: checking for mt
configure:6774: found /usr/bin/mt
configure:6785: result: mt
configure:6808: checking if mt is a manifest tool
configure:6814: mt '-?'
configure:6822: result: no
configure:7499: checking how to run the C preprocessor
configure:7530: gcc -E  conftest.c
configure:7530: $? = 0
configure:7544: gcc -E  conftest.c
conftest.c:11:10: fatal error: ac_nonexistent.h: No such file or directory
 #include <ac_nonexistent.h>
          ^~~~~~~~~~~~~~~~~~
compilation terminated.
configure:7544: $? = 1
configure: failed program was:
| /* confdefs.h */
| #define PACKAGE_NAME "jansson"
| #define PACKAGE_TARNAME "jansson"
| #define PACKAGE_VERSION "2.6"
| #define PACKAGE_STRING "jansson 2.6"
| #define PACKAGE_BUGREPORT "petri@digip.org"
| #define PACKAGE_URL ""
| #define PACKAGE "jansson"
| #define VERSION "2.6"
| /* end confdefs.h.  */
| #include <ac_nonexistent.h>
configure:7569: result: gcc -E
configure:7589: gcc -E  conftest.c
configure:7589: $? = 0
configure:7603: gcc -E  conftest.c
conftest.c:11:10: fatal error: ac_nonexistent.h: No such file or directory
 #include <ac_nonexistent.h>
          ^~~~~~~~~~~~~~~~~~
compilation terminated.
configure:7603: $? = 1
configure: failed program was:
| /* confdefs.h */
| #define PACKAGE_NAME "jansson"
| #define PACKAGE_TARNAME "jansson"
| #define PACKAGE_VERSION "2.6"
| #define PACKAGE_STRING "jansson 2.6"
| #define PACKAGE_BUGREPORT "petri@digip.org"
| #define PACKAGE_URL ""
| #define PACKAGE "jansson"
| #define VERSION "2.6"
| /* end confdefs.h.  */
| #include <ac_nonexistent.h>
configure:7632: checking for ANSI C header files
configure:7652: gcc -c -g -O2  conftest.c >&5
configure:7652: $? = 0
configure:7725: gcc -o conftest -g -O2   conftest.c  >&5
configure:7725: $? = 0
configure:7725: ./conftest
configure:7725: $? = 0
configure:7736: result: yes
configure:7749: checking for sys/types.h
configure:7749: gcc -c -g -O2  conftest.c >&5
configure:7749: $? = 0
configure:7749: result: yes
configure:7749: checking for sys/stat.h
configure:7749: gcc -c -g -O2  conftest.c >&5
configure:7749: $? = 0
configure:7749: result: yes
configure:7749: checking for stdlib.h
configure:7749: gcc -c -g -O2  conftest.c >&5
configure:7749: $? = 0
configure:7749: result: yes
configure:7749: checking for string.h
configure:7749: gcc -c -g -O2  conftest.c >&5
configure:7749: $? = 0
configure:7749: result: yes
configure:7749: checking for memory.h
configure:7749: gcc -c -g -O2  conftest.c >&5
configure:7749: $? = 0
configure:7749: result: yes
configure:7749: checking for strings.h
configure:7749: gcc -c -g -O2  conftest.c >&5
configure:7749: $? = 0
configure:7749: result: yes
configure:7749: checking for inttypes.h
configure:7749: gcc -c -g -O2  conftest.c >&5
configure:7749: $? = 0
configure:7749: result: yes
configure:7749: checking for stdint.h
configure:7749: gcc -c -g -O2  conftest.c >&5
configure:7749: $? = 0
configure:7749: result: yes
configure:7749: checking for unistd.h
configure:7749: gcc -c -g -O2  conftest.c >&5
configure:7749: $? = 0
configure:7749: result: yes
configure:7763: checking for dlfcn.h
configure:7763: gcc -c -g -O2  conftest.c >&5
configure:7763: $? = 0
configure:7763: result: yes
configure:8019: checking for objdir
configure:8034: result: .libs
configure:8298: checking if gcc supports -fno-rtti -fno-exceptions
configure:8316: gcc -c -g -O2  -fno-rtti -fno-exceptions conftest.c >&5
cc1: warning: command line option '-fno-rtti' is valid for C++/ObjC++ but not for C
configure:8320: $? = 0
configure:8333: result: no
configure:8691: checking for gcc option to produce PIC
configure:8698: result: -fPIC -DPIC
configure:8706: checking if gcc PIC flag -fPIC -DPIC works
configure:8724: gcc -c -g -O2  -fPIC -DPIC -DPIC conftest.c >&5
configure:8728: $? = 0
configure:8741: result: yes
configure:8770: checking if gcc static flag -static works
configure:8798: result: yes
configure:8813: checking if gcc supports -c -o file.o
configure:8834: gcc -c -g -O2  -o out/conftest2.o conftest.c >&5
configure:8838: $? = 0
configure:8860: result: yes
configure:8868: checking if gcc supports -c -o file.o
configure:8915: result: yes
configure:8948: checking whether the gcc linker (/usr/bin/ld) supports shared libraries
configure:10211: result: yes
configure:10248: checking whether -lc should be explicitly linked in
configure:10256: gcc -c -g -O2  conftest.c >&5
configure:10259: $? = 0
configure:10274: gcc -shared  -fPIC -DPIC conftest.o  -v -Wl,-soname -Wl,conftest -o conftest 2\>\&1 \| /usr/bin/grep  -lc  \>/dev/null 2\>\&1
configure:10277: $? = 0
configure:10291: result: no
configure:10451: checking dynamic linker characteristics
configure:11032: gcc -o conftest -g -O2   -Wl,-rpath -Wl,/foo conftest.c  >&5
configure:11032: $? = 0
configure:11281: result: GNU/Linux ld.so
configure:11403: checking how to hardcode library paths into programs
configure:11428: result: immediate
configure:11976: checking whether stripping libraries is possible
configure:11981: result: yes
configure:12016: checking if libtool supports shared libraries
configure:12018: result: yes
configure:12021: checking whether to build shared libraries
configure:12046: result: yes
configure:12049: checking whether to build static libraries
configure:12053: result: yes
configure:8881: checking endian.h usability
configure:8881: gcc -c -g -O2  conftest.c >&5
configure:8881: $? = 0
configure:8881: result: yes
configure:8881: checking endian.h presence
configure:8881: gcc -E  conftest.c
configure:8881: $? = 0
configure:8881: result: yes
configure:8881: checking for endian.h
configure:8881: result: yes
configure:8881: checking fcntl.h usability
configure:8881: gcc -c -g -O2  conftest.c >&5
configure:8881: $? = 0
configure:8881: result: yes
configure:8881: checking fcntl.h presence
configure:8881: gcc -E  conftest.c
configure:8881: $? = 0
configure:8881: result: yes
configure:8881: checking for fcntl.h
configure:8881: result: yes
configure:8881: checking locale.h usability
configure:8881: gcc -c -g -O2  conftest.c >&5
configure:8881: $? = 0
configure:8881: result: yes
configure:8881: checking locale.h presence
configure:8881: gcc -E  conftest.c
configure:8881: $? = 0
configure:8881: result: yes
configure:8881: checking for locale.h
configure:8881: result: yes
configure:8881: checking sched.h usability
configure:8881: gcc -c -g -O2  conftest.c >&5
configure:8881: $? = 0
configure:8881: result: yes
configure:8881: checking sched.h presence
configure:8881: gcc -E  conftest.c
configure:8881: $? = 0
configure:8881: result: yes
configure:8881: checking for sched.h
configure:8881: result: yes
configure:8881: checking for unistd.h
configure:8881: result: yes
configure:8881: checking sys/param.h usability
configure:8881: gcc -c -g -O2  conftest.c >&5
configure:8881: $? = 0
configure:8881: result: yes
configure:8881: checking sys/param.h presence
configure:8881: gcc -E  conftest.c
configure:8881: $? = 0
configure:8881: result: yes
configure:8881: checking for sys/param.h
configure:8881: result: yes
configure:8881: checking for sys/stat.h
configure:8881: result: yes
configure:8881: checking sys/time.h usability
configure:8881: gcc -c -g -O2  conftest.c >&5
configure:8881: $? = 0
configure:8881: result: yes
configure:8881: checking sys/time.h presence
configure:8881: gcc -E  conftest.c
configure:8881: $? = 0
configure:8881: result: yes
configure:8881: checking for sys/time.h
configure:8881: result: yes
configure:8881: checking for sys/types.h
configure:8881: result: yes
configure:8893: checking for int32_t
configure:8893: gcc -c -g -O2  conftest.c >&5
configure:8893: $? = 0
configure:8893: gcc -c -g -O2  conftest.c >&5
conftest.c: In function 'main':
conftest.c:70:53: warning: integer overflow in expression of type 'int' results in '-2147483648' [-Woverflow]
    < (int32_t) (((((int32_t) 1 << N) << N) - 1) * 2 + 2))];
                                                     ^
conftest.c:69:12: error: storage size of 'test_array' isn't constant
 static int test_array [1 - 2 * !((int32_t) (((((int32_t) 1 << N) << N) - 1) * 2 + 1)
            ^~~~~~~~~~
configure:8893: $? = 1
configure: failed program was:
| /* confdefs.h */
| #define PACKAGE_NAME "jansson"
| #define PACKAGE_TARNAME "jansson"
| #define PACKAGE_VERSION "2.6"
| #define PACKAGE_STRING "jansson 2.6"
| #define PACKAGE_BUGREPORT "petri@digip.org"
| #define PACKAGE_URL ""
| #define PACKAGE "jansson"
| #define VERSION "2.6"
| #define STDC_HEADERS 1
| #define HAVE_SYS_TYPES_H 1
| #define HAVE_SYS_STAT_H 1
| #define HAVE_STDLIB_H 1
| #define HAVE_STRING_H 1
| #define HAVE_MEMORY_H 1
| #define HAVE_STRINGS_H 1
| #define HAVE_INTTYPES_H 1
| #define HAVE_STDINT_H 1
| #define HAVE_UNISTD_H 1
| #define HAVE_DLFCN_H 1
| #define LT_OBJDIR ".libs/"
| #define HAVE_ENDIAN_H 1
| #define HAVE_FCNTL_H 1
| #define HAVE_LOCALE_H 1
| #define HAVE_SCHED_H 1
| #define HAVE_UNISTD_H 1
| #define HAVE_SYS_PARAM_H 1
| #define HAVE_SYS_STAT_H 1
| #define HAVE_SYS_TIME_H 1
| #define HAVE_SYS_TYPES_H 1
| /* end confdefs.h.  */
| #include <stdio.h>
| #ifdef HAVE_SYS_TYPES_H
| # include <sys/types.h>
| #endif
| #ifdef HAVE_SYS_STAT_H
| # include <sys/stat.h>
| #endif
| #ifdef STDC_HEADERS
| # include <stdlib.h>
| # include <stddef.h>
| #else
| # ifdef HAVE_STDLIB_H
| #  include <stdlib.h>
| # endif
| #endif
| #ifdef HAVE_STRING_H
| # if !defined STDC_HEADERS && defined HAVE_MEMORY_H
| #  include <memory.h>
| # endif
| # include <string.h>
| #endif
| #ifdef HAVE_STRINGS_H
| # include <strings.h>
| #endif
| #ifdef HAVE_INTTYPES_H
| # include <inttypes.h>
| #endif
| #ifdef HAVE_STDINT_H
| # include <stdint.h>
| #endif
| #ifdef HAVE_UNISTD_H
| # include <unistd.h>
| #endif
| 	        enum { N = 32 / 2 - 1 };
| int
| main ()
| {
| static int test_array [1 - 2 * !((int32_t) (((((int32_t) 1 << N) << N) - 1) * 2 + 1)
| 		 < (int32_t) (((((int32_t) 1 << N) << N) - 1) * 2 + 2))];
| test_array [0] = 0;
| return test_array [0];
| 
|   ;
|   return 0;
| }
configure:8893: result: yes
configure:8904: checking for uint32_t
configure:8904: gcc -c -g -O2  conftest.c >&5
configure:8904: $? = 0
configure:8904: result: yes
configure:8919: checking for unsigned long long int
configure:8958: gcc -o conftest -g -O2   conftest.c  >&5
configure:8958: $? = 0
configure:8967: result: yes
configure:8977: checking for long long int
configure:9015: gcc -o conftest -g -O2   conftest.c  >&5
configure:9015: $? = 0
configure:9015: ./conftest
configure:9015: $? = 0
configure:9027: result: yes
configure:9036: checking for inline
configure:9052: gcc -c -g -O2  conftest.c >&5
configure:9052: $? = 0
configure:9060: result: inline
configure:9089: checking for close
configure:9089: gcc -o conftest -g -O2   conftest.c  >&5
configure:9089: $? = 0
configure:9089: result: yes
configure:9089: checking for getpid
configure:9089: gcc -o conftest -g -O2   conftest.c  >&5
configure:9089: $? = 0
configure:9089: result: yes
configure:9089: checking for gettimeofday
configure:9089: gcc -o conftest -g -O2   conftest.c  >&5
configure:9089: $? = 0
configure:9089: result: yes
configure:9089: checking for localeconv
configure:9089: gcc -o conftest -g -O2   conftest.c  >&5
configure:9089: $? = 0
configure:9089: result: yes
configure:9089: checking for open
configure:9089: gcc -o conftest -g -O2   conftest.c  >&5
configure:9089: $? = 0
configure:9089: result: yes
configure:9089: checking for read
configure:9089: gcc -o conftest -g -O2   conftest.c  >&5
configure:9089: $? = 0
configure:9089: result: yes
configure:9089: checking for sched_yield
configure:9089: gcc -o conftest -g -O2   conftest.c  >&5
configure:9089: $? = 0
configure:9089: result: yes
configure:9089: checking for strtoll
configure:9089: gcc -o conftest -g -O2   conftest.c  >&5
configure:9089: $? = 0
configure:9089: result: yes
configure:9099: checking for gcc __sync builtins
configure:9113: gcc -o conftest -g -O2   conftest.c  >&5
configure:9113: $? = 0
configure:9123: result: yes
configure:9126: checking for gcc __atomic builtins
configure:9140: gcc -o conftest -g -O2   conftest.c  >&5
conftest.c: In function 'main':
conftest.c:47:71: warning: invalid memory model for '__atomic_store' [-Winvalid-memory-model]
 char l; unsigned long v; __atomic_test_and_set(&l, __ATOMIC_RELAXED); __atomic_store_n(&v, 1, __ATOMIC_ACQ_REL); __atomic_load_n(&v, __ATOMIC_ACQUIRE);
                                                                       ^~~~~~~~~~~~~~~~~~~~~~~~~~~~~~~~~~~~~~~~~
configure:9140: $? = 0
configure:9150: result: yes
configure:9297: checking that generated files are newer than configure
configure:9303: result: done
configure:9330: creating ./config.status

## ---------------------- ##
## Running config.status. ##
## ---------------------- ##

This file was extended by jansson config.status 2.6, which was
generated by GNU Autoconf 2.69.  Invocation command line was

  CONFIG_FILES    = 
  CONFIG_HEADERS  = 
  CONFIG_LINKS    = 
  CONFIG_COMMANDS = 
  $ ./config.status 

on gekko

config.status:1111: creating jansson.pc
config.status:1111: creating Makefile
config.status:1111: creating src/Makefile
config.status:1111: creating src/jansson_config.h
config.status:1111: creating config.h
config.status:1292: config.h is unchanged
config.status:1340: executing depfiles commands
config.status:1417: cd src       && sed -e '/# am--include-marker/d' Makefile         | make -f - am--depfiles
make: Nothing to be done for 'am--depfiles'.
config.status:1422: $? = 0
config.status:1340: executing libtool commands

## ---------------- ##
## Cache variables. ##
## ---------------- ##

ac_cv_build=armv7l-unknown-linux-gnueabihf
ac_cv_c_compiler_gnu=yes
ac_cv_c_inline=inline
ac_cv_c_int32_t=yes
ac_cv_c_uint32_t=yes
ac_cv_env_CC_set=
ac_cv_env_CC_value=
ac_cv_env_CFLAGS_set=
ac_cv_env_CFLAGS_value=
ac_cv_env_CPPFLAGS_set=
ac_cv_env_CPPFLAGS_value=
ac_cv_env_CPP_set=
ac_cv_env_CPP_value=
ac_cv_env_LDFLAGS_set=
ac_cv_env_LDFLAGS_value=
ac_cv_env_LIBS_set=
ac_cv_env_LIBS_value=
ac_cv_env_LT_SYS_LIBRARY_PATH_set=
ac_cv_env_LT_SYS_LIBRARY_PATH_value=
ac_cv_env_build_alias_set=
ac_cv_env_build_alias_value=
ac_cv_env_host_alias_set=
ac_cv_env_host_alias_value=
ac_cv_env_target_alias_set=
ac_cv_env_target_alias_value=
ac_cv_func_close=yes
ac_cv_func_getpid=yes
ac_cv_func_gettimeofday=yes
ac_cv_func_localeconv=yes
ac_cv_func_open=yes
ac_cv_func_read=yes
ac_cv_func_sched_yield=yes
ac_cv_func_strtoll=yes
ac_cv_header_dlfcn_h=yes
ac_cv_header_endian_h=yes
ac_cv_header_fcntl_h=yes
ac_cv_header_inttypes_h=yes
ac_cv_header_locale_h=yes
ac_cv_header_memory_h=yes
ac_cv_header_sched_h=yes
ac_cv_header_stdc=yes
ac_cv_header_stdint_h=yes
ac_cv_header_stdlib_h=yes
ac_cv_header_string_h=yes
ac_cv_header_strings_h=yes
ac_cv_header_sys_param_h=yes
ac_cv_header_sys_stat_h=yes
ac_cv_header_sys_time_h=yes
ac_cv_header_sys_types_h=yes
ac_cv_header_unistd_h=yes
ac_cv_host=armv7l-unknown-linux-gnueabihf
ac_cv_objext=o
ac_cv_path_EGREP='/usr/bin/grep -E'
ac_cv_path_FGREP='/usr/bin/grep -F'
ac_cv_path_GREP=/usr/bin/grep
ac_cv_path_SED=/usr/bin/sed
ac_cv_path_install='/usr/bin/install -c'
ac_cv_path_lt_DD=/usr/bin/dd
ac_cv_path_mkdir=/usr/bin/mkdir
ac_cv_prog_AWK=mawk
ac_cv_prog_CPP='gcc -E'
ac_cv_prog_ac_ct_AR=ar
ac_cv_prog_ac_ct_CC=gcc
ac_cv_prog_ac_ct_MANIFEST_TOOL=mt
ac_cv_prog_ac_ct_OBJDUMP=objdump
ac_cv_prog_ac_ct_RANLIB=ranlib
ac_cv_prog_ac_ct_STRIP=strip
ac_cv_prog_cc_c89=
ac_cv_prog_cc_g=yes
ac_cv_prog_make_make_set=yes
ac_cv_type_long_long_int=yes
ac_cv_type_unsigned_long_long_int=yes
am_cv_CC_dependencies_compiler_type=gcc3
am_cv_make_support_nested_variables=yes
am_cv_prog_cc_c_o=yes
lt_cv_ar_at_file=@
lt_cv_archive_cmds_need_lc=no
lt_cv_deplibs_check_method=pass_all
lt_cv_file_magic_cmd='$MAGIC_CMD'
lt_cv_file_magic_test_file=
lt_cv_ld_reload_flag=-r
lt_cv_nm_interface='BSD nm'
lt_cv_objdir=.libs
lt_cv_path_LD=/usr/bin/ld
lt_cv_path_NM='/usr/bin/nm -B'
lt_cv_path_mainfest_tool=no
lt_cv_prog_compiler_c_o=yes
lt_cv_prog_compiler_pic='-fPIC -DPIC'
lt_cv_prog_compiler_pic_works=yes
lt_cv_prog_compiler_rtti_exceptions=no
lt_cv_prog_compiler_static_works=yes
lt_cv_prog_gnu_ld=yes
lt_cv_sharedlib_from_linklib_cmd='printf %s\n'
lt_cv_shlibpath_overrides_runpath=yes
lt_cv_sys_global_symbol_pipe='sed -n -e '\''s/^.*[	 ]\([ABCDGIRSTW][ABCDGIRSTW]*\)[	 ][	 ]*\([_A-Za-z][_A-Za-z0-9]*\)$/\1 \2 \2/p'\'' | sed '\''/ __gnu_lto/d'\'''
lt_cv_sys_global_symbol_to_c_name_address='sed -n -e '\''s/^: \(.*\) .*$/  {"\1", (void *) 0},/p'\'' -e '\''s/^[ABCDGIRSTW][ABCDGIRSTW]* .* \(.*\)$/  {"\1", (void *) \&\1},/p'\'''
lt_cv_sys_global_symbol_to_c_name_address_lib_prefix='sed -n -e '\''s/^: \(.*\) .*$/  {"\1", (void *) 0},/p'\'' -e '\''s/^[ABCDGIRSTW][ABCDGIRSTW]* .* \(lib.*\)$/  {"\1", (void *) \&\1},/p'\'' -e '\''s/^[ABCDGIRSTW][ABCDGIRSTW]* .* \(.*\)$/  {"lib\1", (void *) \&\1},/p'\'''
lt_cv_sys_global_symbol_to_cdecl='sed -n -e '\''s/^T .* \(.*\)$/extern int \1();/p'\'' -e '\''s/^[ABCDGIRSTW][ABCDGIRSTW]* .* \(.*\)$/extern char \1;/p'\'''
lt_cv_sys_global_symbol_to_import=
lt_cv_sys_max_cmd_len=1572864
lt_cv_to_host_file_cmd=func_convert_file_noop
lt_cv_to_tool_file_cmd=func_convert_file_noop
lt_cv_truncate_bin='/usr/bin/dd bs=4096 count=1'

## ----------------- ##
## Output variables. ##
## ----------------- ##

ACLOCAL='${SHELL} /home/pi/cgminer-lketc/compat/jansson-2.6/missing aclocal-1.16'
AMDEPBACKSLASH='\'
AMDEP_FALSE='#'
AMDEP_TRUE=''
AMTAR='$${TAR-tar}'
AM_BACKSLASH='\'
AM_DEFAULT_V='$(AM_DEFAULT_VERBOSITY)'
AM_DEFAULT_VERBOSITY='0'
AM_V='$(V)'
AR='ar'
AUTOCONF='${SHELL} /home/pi/cgminer-lketc/compat/jansson-2.6/missing autoconf'
AUTOHEADER='${SHELL} /home/pi/cgminer-lketc/compat/jansson-2.6/missing autoheader'
AUTOMAKE='${SHELL} /home/pi/cgminer-lketc/compat/jansson-2.6/missing automake-1.16'
AWK='mawk'
CC='gcc'
CCDEPMODE='depmode=gcc3'
CFLAGS='-g -O2'
CPP='gcc -E'
CPPFLAGS=''
CYGPATH_W='echo'
DEFS='-DHAVE_CONFIG_H'
DEPDIR='.deps'
DLLTOOL='false'
DSYMUTIL=''
DUMPBIN=''
ECHO_C=''
ECHO_N='-n'
ECHO_T=''
EGREP='/usr/bin/grep -E'
EXEEXT=''
FGREP='/usr/bin/grep -F'
GCC_FALSE='#'
GCC_TRUE=''
GREP='/usr/bin/grep'
INSTALL_DATA='${INSTALL} -m 644'
INSTALL_PROGRAM='${INSTALL}'
INSTALL_SCRIPT='${INSTALL}'
INSTALL_STRIP_PROGRAM='$(install_sh) -c -s'
LD='/usr/bin/ld'
LDFLAGS=''
LIBOBJS=''
LIBS=''
LIBTOOL='$(SHELL) $(top_builddir)/libtool'
LIPO=''
LN_S='ln -s'
LTLIBOBJS=''
LT_SYS_LIBRARY_PATH=''
MAKEINFO='${SHELL} /home/pi/cgminer-lketc/compat/jansson-2.6/missing makeinfo'
MANIFEST_TOOL=':'
MKDIR_P='/usr/bin/mkdir -p'
NM='/usr/bin/nm -B'
NMEDIT=''
OBJDUMP='objdump'
OBJEXT='o'
OTOOL64=''
OTOOL=''
PACKAGE='jansson'
PACKAGE_BUGREPORT='petri@digip.org'
PACKAGE_NAME='jansson'
PACKAGE_STRING='jansson 2.6'
PACKAGE_TARNAME='jansson'
PACKAGE_URL=''
PACKAGE_VERSION='2.6'
PATH_SEPARATOR=':'
RANLIB='ranlib'
SED='/usr/bin/sed'
SET_MAKE=''
SHELL='/bin/bash'
STRIP='strip'
VERSION='2.6'
ac_ct_AR='ar'
ac_ct_CC='gcc'
ac_ct_DUMPBIN=''
am__EXEEXT_FALSE=''
am__EXEEXT_TRUE='#'
am__fastdepCC_FALSE='#'
am__fastdepCC_TRUE=''
am__include='include'
am__isrc=''
am__leading_dot='.'
am__nodep='_no'
am__quote=''
am__tar='$${TAR-tar} chof - "$$tardir"'
am__untar='$${TAR-tar} xf -'
bindir='${exec_prefix}/bin'
build='armv7l-unknown-linux-gnueabihf'
build_alias=''
build_cpu='armv7l'
build_os='linux-gnueabihf'
build_vendor='unknown'
datadir='${datarootdir}'
datarootdir='${prefix}/share'
docdir='${datarootdir}/doc/${PACKAGE_TARNAME}'
dvidir='${docdir}'
exec_prefix='${prefix}'
host='armv7l-unknown-linux-gnueabihf'
host_alias=''
host_cpu='armv7l'
host_os='linux-gnueabihf'
host_vendor='unknown'
htmldir='${docdir}'
includedir='${prefix}/include'
infodir='${datarootdir}/info'
install_sh='${SHELL} /home/pi/cgminer-lketc/compat/jansson-2.6/install-sh'
json_have_localeconv='1'
json_have_long_long='1'
json_inline='inline'
libdir='${exec_prefix}/lib'
libexecdir='${exec_prefix}/libexec'
localedir='${datarootdir}/locale'
localstatedir='${prefix}/var'
mandir='${datarootdir}/man'
mkdir_p='$(MKDIR_P)'
oldincludedir='/usr/include'
pdfdir='${docdir}'
prefix='/usr/local'
program_transform_name='s,x,x,'
psdir='${docdir}'
runstatedir='${localstatedir}/run'
sbindir='${exec_prefix}/sbin'
sharedstatedir='${prefix}/com'
sysconfdir='${prefix}/etc'
target_alias=''

## ----------- ##
## confdefs.h. ##
## ----------- ##

/* confdefs.h */
#define PACKAGE_NAME "jansson"
#define PACKAGE_TARNAME "jansson"
#define PACKAGE_VERSION "2.6"
#define PACKAGE_STRING "jansson 2.6"
#define PACKAGE_BUGREPORT "petri@digip.org"
#define PACKAGE_URL ""
#define PACKAGE "jansson"
#define VERSION "2.6"
#define STDC_HEADERS 1
#define HAVE_SYS_TYPES_H 1
#define HAVE_SYS_STAT_H 1
#define HAVE_STDLIB_H 1
#define HAVE_STRING_H 1
#define HAVE_MEMORY_H 1
#define HAVE_STRINGS_H 1
#define HAVE_INTTYPES_H 1
#define HAVE_STDINT_H 1
#define HAVE_UNISTD_H 1
#define HAVE_DLFCN_H 1
#define LT_OBJDIR ".libs/"
#define HAVE_ENDIAN_H 1
#define HAVE_FCNTL_H 1
#define HAVE_LOCALE_H 1
#define HAVE_SCHED_H 1
#define HAVE_UNISTD_H 1
#define HAVE_SYS_PARAM_H 1
#define HAVE_SYS_STAT_H 1
#define HAVE_SYS_TIME_H 1
#define HAVE_SYS_TYPES_H 1
#define HAVE_UNSIGNED_LONG_LONG_INT 1
#define HAVE_LONG_LONG_INT 1
#define HAVE_CLOSE 1
#define HAVE_GETPID 1
#define HAVE_GETTIMEOFDAY 1
#define HAVE_LOCALECONV 1
#define HAVE_OPEN 1
#define HAVE_READ 1
#define HAVE_SCHED_YIELD 1
#define HAVE_STRTOLL 1
#define HAVE_SYNC_BUILTINS 1
#define HAVE_ATOMIC_BUILTINS 1
#define USE_URANDOM 1
#define USE_WINDOWS_CRYPTOAPI 1

configure: exit 0
