This file contains any messages produced by compilers while
running configure, to aid debugging if configure makes a mistake.

It was created by jansson configure 2.9, which was
generated by GNU Autoconf 2.69.  Invocation command line was

  $ ./configure --disable-option-checking --prefix=/usr/local --host=i686-w64-mingw32.static --disable-shared --enable-zeus --enable-scrypt host_alias=i686-w64-mingw32.static CFLAGS=-O2 -msse2 PKG_CONFIG_PATH=/opt/mxe/usr/i686-w64-mingw32.static/lib/pkgconfig/ --cache-file=/dev/null --srcdir=.

## --------- ##
## Platform. ##
## --------- ##

hostname = ubuntu
uname -m = x86_64
uname -r = 5.4.0-131-generic
uname -s = Linux
uname -v = #147-Ubuntu SMP Fri Oct 14 17:07:22 UTC 2022

/usr/bin/uname -p = x86_64
/bin/uname -X     = unknown

/bin/arch              = x86_64
/usr/bin/arch -k       = unknown
/usr/convex/getsysinfo = unknown
/usr/bin/hostinfo      = unknown
/bin/machine           = unknown
/usr/bin/oslevel       = unknown
/bin/universe          = unknown

PATH: /opt/mxe/usr/bin
PATH: /usr/local/sbin
PATH: /usr/local/bin
PATH: /usr/sbin
PATH: /usr/bin
PATH: /sbin
PATH: /bin
PATH: /usr/games
PATH: /usr/local/games
PATH: /snap/bin


## ----------- ##
## Core tests. ##
## ----------- ##

configure:2413: checking for a BSD-compatible install
configure:2481: result: /usr/bin/install -c
configure:2492: checking whether build environment is sane
configure:2547: result: yes
configure:2604: checking for i686-w64-mingw32.static-strip
configure:2620: found /opt/mxe/usr/bin/i686-w64-mingw32.static-strip
configure:2631: result: i686-w64-mingw32.static-strip
configure:2696: checking for a thread-safe mkdir -p
configure:2735: result: /usr/bin/mkdir -p
configure:2742: checking for gawk
configure:2758: found /usr/bin/gawk
configure:2769: result: gawk
configure:2780: checking whether make sets $(MAKE)
configure:2802: result: yes
configure:2831: checking whether make supports nested variables
configure:2848: result: yes
configure:2988: checking for i686-w64-mingw32.static-gcc
configure:3004: found /opt/mxe/usr/bin/i686-w64-mingw32.static-gcc
configure:3015: result: i686-w64-mingw32.static-gcc
configure:3284: checking for C compiler version
configure:3293: i686-w64-mingw32.static-gcc --version >&5
i686-w64-mingw32.static-gcc (GCC) 5.5.0
Copyright (C) 2015 Free Software Foundation, Inc.
This is free software; see the source for copying conditions.  There is NO
warranty; not even for MERCHANTABILITY or FITNESS FOR A PARTICULAR PURPOSE.

configure:3304: $? = 0
configure:3293: i686-w64-mingw32.static-gcc -v >&5
Reading specs from /opt/mxe/usr/lib/gcc/i686-w64-mingw32.static/5.5.0/specs
COLLECT_GCC=i686-w64-mingw32.static-gcc
COLLECT_LTO_WRAPPER=/opt/mxe/usr/libexec/gcc/i686-w64-mingw32.static/5.5.0/lto-wrapper
Target: i686-w64-mingw32.static
Configured with: /opt/mxe/tmp-gcc-i686-w64-mingw32.static/gcc-5.5.0/configure ac_cv_prog_HAVE_DOXYGEN=false --enable-doc=no --enable-gtk-doc=no --enable-gtk-doc-html=no --enable-gtk-doc-pdf=no --docdir=/opt/mxe/tmp-gcc-i686-w64-mingw32.static/gcc-5.5.0.build_.sink --infodir=/opt/mxe/tmp-gcc-i686-w64-mingw32.static/gcc-5.5.0.build_.sink --mandir=/opt/mxe/tmp-gcc-i686-w64-mingw32.static/gcc-5.5.0.build_.sink --with-html-dir=/opt/mxe/tmp-gcc-i686-w64-mingw32.static/gcc-5.5.0.build_.sink --disable-doxygen --target=i686-w64-mingw32.static --build=x86_64-pc-linux-gnu --prefix=/opt/mxe/usr --libdir=/opt/mxe/usr/lib --with-sysroot=/opt/mxe/usr/i686-w64-mingw32.static --enable-languages=c,c++,objc,fortran --enable-version-specific-runtime-libs --with-gcc --with-gnu-ld --with-gnu-as --disable-nls --disable-shared --disable-multilib --without-x --disable-win32-registry --enable-threads=posix --enable-sjlj-exceptions --enable-default-ssp --enable-libgomp --with-gmp=/opt/mxe/usr/x86_64-pc-linux-gnu --with-isl=/opt/mxe/usr/x86_64-pc-linux-gnu --with-mpc=/opt/mxe/usr/x86_64-pc-linux-gnu --with-mpfr=/opt/mxe/usr/x86_64-pc-linux-gnu --with-as=/opt/mxe/usr/bin/i686-w64-mingw32.static-as --with-ld=/opt/mxe/usr/bin/i686-w64-mingw32.static-ld --with-nm=/opt/mxe/usr/bin/i686-w64-mingw32.static-nm
Thread model: posix
gcc version 5.5.0 (GCC) 
configure:3304: $? = 0
configure:3293: i686-w64-mingw32.static-gcc -V >&5
i686-w64-mingw32.static-gcc: error: unrecognized command line option '-V'
i686-w64-mingw32.static-gcc: fatal error: no input files
compilation terminated.
configure:3304: $? = 1
configure:3293: i686-w64-mingw32.static-gcc -qversion >&5
i686-w64-mingw32.static-gcc: error: unrecognized command line option '-qversion'
i686-w64-mingw32.static-gcc: fatal error: no input files
compilation terminated.
configure:3304: $? = 1
configure:3324: checking whether the C compiler works
configure:3346: i686-w64-mingw32.static-gcc -O2 -msse2   conftest.c  >&5
configure:3350: $? = 0
configure:3398: result: yes
configure:3401: checking for C compiler default output file name
configure:3403: result: a.exe
configure:3409: checking for suffix of executables
configure:3416: i686-w64-mingw32.static-gcc -o conftest.exe -O2 -msse2   conftest.c  >&5
configure:3420: $? = 0
configure:3442: result: .exe
configure:3464: checking whether we are cross compiling
configure:3472: i686-w64-mingw32.static-gcc -o conftest.exe -O2 -msse2   conftest.c  >&5
configure:3476: $? = 0
configure:3483: ./conftest.exe
./configure: line 3485: ./conftest.exe: cannot execute binary file: Exec format error
configure:3487: $? = 126
configure:3475: result: yes
configure:3480: checking for suffix of object files
configure:3502: i686-w64-mingw32.static-gcc -c -O2 -msse2  conftest.c >&5
configure:3506: $? = 0
configure:3527: result: o
configure:3531: checking whether we are using the GNU C compiler
configure:3550: i686-w64-mingw32.static-gcc -c -O2 -msse2  conftest.c >&5
configure:3550: $? = 0
configure:3559: result: yes
configure:3568: checking whether i686-w64-mingw32.static-gcc accepts -g
configure:3588: i686-w64-mingw32.static-gcc -c -g  conftest.c >&5
configure:3588: $? = 0
configure:3629: result: yes
configure:3646: checking for i686-w64-mingw32.static-gcc option to accept ISO C89
configure:3709: i686-w64-mingw32.static-gcc  -c -O2 -msse2  conftest.c >&5
configure:3709: $? = 0
configure:3722: result: none needed
configure:3747: checking whether i686-w64-mingw32.static-gcc understands -c and -o together
configure:3769: i686-w64-mingw32.static-gcc -c conftest.c -o conftest2.o
configure:3772: $? = 0
configure:3769: i686-w64-mingw32.static-gcc -c conftest.c -o conftest2.o
configure:3772: $? = 0
configure:3784: result: yes
configure:3804: checking whether make supports the include directive
configure:3819: make -f confmf.GNU && cat confinc.out
this is the am__doit target
configure:3822: $? = 0
configure:3841: result: yes (GNU style)
configure:3866: checking dependency style of i686-w64-mingw32.static-gcc
configure:3977: result: gcc3
configure:4021: checking build system type
configure:4035: result: x86_64-pc-linux-gnu
configure:4055: checking host system type
configure:4068: result: i686-w64-mingw32.static
configure:4109: checking how to print strings
configure:4136: result: printf
configure:4157: checking for a sed that does not truncate output
configure:4221: result: /usr/bin/sed
configure:4239: checking for grep that handles long lines and -e
configure:4297: result: /usr/bin/grep
configure:4302: checking for egrep
configure:4364: result: /usr/bin/grep -E
configure:4369: checking for fgrep
configure:4431: result: /usr/bin/grep -F
configure:4466: checking for ld used by i686-w64-mingw32.static-gcc
configure:4533: result: /opt/mxe/usr/bin/i686-w64-mingw32.static-ld
configure:4540: checking if the linker (/opt/mxe/usr/bin/i686-w64-mingw32.static-ld) is GNU ld
configure:4555: result: yes
configure:4567: checking for BSD- or MS-compatible name lister (nm)
configure:4621: result: /opt/mxe/usr/bin/i686-w64-mingw32.static-nm -B
configure:4751: checking the name lister (/opt/mxe/usr/bin/i686-w64-mingw32.static-nm -B) interface
configure:4758: i686-w64-mingw32.static-gcc -c -O2 -msse2  conftest.c >&5
configure:4761: /opt/mxe/usr/bin/i686-w64-mingw32.static-nm -B "conftest.o"
configure:4764: output
00000000 b .bss
00000000 d .data
00000000 r .rdata$zzz
00000000 t .text
00000000 B _some_variable
configure:4765: result: BSD nm
configure:4768: checking whether ln -s works
configure:4772: result: yes
configure:4780: checking the maximum length of command line arguments
configure:4911: result: 1572864
configure:4959: checking how to convert x86_64-pc-linux-gnu file names to i686-w64-mingw32.static format
configure:4999: result: func_convert_file_nix_to_w32
configure:5006: checking how to convert x86_64-pc-linux-gnu file names to toolchain format
configure:5026: result: func_convert_file_noop
configure:5033: checking for /opt/mxe/usr/bin/i686-w64-mingw32.static-ld option to reload object files
configure:5040: result: -r
configure:5074: checking for i686-w64-mingw32.static-objdump
configure:5090: found /opt/mxe/usr/bin/i686-w64-mingw32.static-objdump
configure:5101: result: i686-w64-mingw32.static-objdump
configure:5173: checking how to recognize dependent libraries
configure:5373: result: file_magic ^x86 archive import|^x86 DLL
configure:5418: checking for i686-w64-mingw32.static-dlltool
configure:5434: found /opt/mxe/usr/bin/i686-w64-mingw32.static-dlltool
configure:5445: result: i686-w64-mingw32.static-dlltool
configure:5518: checking how to associate runtime and link libraries
configure:5545: result: func_cygming_dll_for_implib
configure:5562: checking for i686-w64-mingw32.static-ar
configure:5578: found /opt/mxe/usr/bin/i686-w64-mingw32.static-ar
configure:5589: result: i686-w64-mingw32.static-ar
configure:5670: checking for archiver @FILE support
configure:5687: i686-w64-mingw32.static-gcc -c -O2 -msse2  conftest.c >&5
configure:5687: $? = 0
configure:5690: i686-w64-mingw32.static-ar cr libconftest.a @conftest.lst >&5
configure:5693: $? = 0
configure:5698: i686-w64-mingw32.static-ar cr libconftest.a @conftest.lst >&5
i686-w64-mingw32.static-ar: conftest.o: No such file or directory
configure:5701: $? = 1
configure:5700: result: @
configure:5718: checking for i686-w64-mingw32.static-strip
configure:5745: result: i686-w64-mingw32.static-strip
configure:5817: checking for i686-w64-mingw32.static-ranlib
configure:5833: found /opt/mxe/usr/bin/i686-w64-mingw32.static-ranlib
configure:5844: result: i686-w64-mingw32.static-ranlib
configure:5986: checking command to parse /opt/mxe/usr/bin/i686-w64-mingw32.static-nm -B output from i686-w64-mingw32.static-gcc object
configure:6139: i686-w64-mingw32.static-gcc -c -O2 -msse2  conftest.c >&5
configure:6142: $? = 0
configure:6146: /opt/mxe/usr/bin/i686-w64-mingw32.static-nm -B conftest.o | sed -n -e 's/^.*[	 ]\([ABCDGIRSTW][ABCDGIRSTW]*\)[	 ][	 ]*\([_A-Za-z][_A-Za-z0-9]*\)$/\1 \2 \2/p' | sed '/ __gnu_lto/d' > conftest.nm
cannot find nm_test_var in conftest.nm
configure:6139: i686-w64-mingw32.static-gcc -c -O2 -msse2  conftest.c >&5
configure:6142: $? = 0
configure:6146: /opt/mxe/usr/bin/i686-w64-mingw32.static-nm -B conftest.o | sed -n -e 's/^.*[	 ]\([ABCDGIRSTW][ABCDGIRSTW]*\)[	 ][	 ]*_\([_A-Za-z][_A-Za-z0-9]*\)$/\1 _\2 \2/p' | sed '/ __gnu_lto/d' > conftest.nm
configure:6212: i686-w64-mingw32.static-gcc -o conftest.exe -O2 -msse2   conftest.c conftstm.o >&5
configure:6215: $? = 0
configure:6253: result: ok
configure:6300: checking for sysroot
configure:6330: result: no
configure:6337: checking for a working dd
configure:6375: result: /usr/bin/dd
configure:6379: checking how to truncate binary pipes
configure:6394: result: /usr/bin/dd bs=4096 count=1
configure:6683: checking for i686-w64-mingw32.static-mt
configure:6713: result: no
configure:6723: checking for mt
configure:6739: found /usr/bin/mt
configure:6750: result: mt
configure:6762: WARNING: using cross tools not prefixed with host triplet
configure:6773: checking if mt is a manifest tool
configure:6779: mt '-?'
configure:6787: result: no
configure:7464: checking how to run the C preprocessor
configure:7495: i686-w64-mingw32.static-gcc -E  conftest.c
configure:7495: $? = 0
configure:7509: i686-w64-mingw32.static-gcc -E  conftest.c
conftest.c:11:28: fatal error: ac_nonexistent.h: No such file or directory
compilation terminated.
configure:7509: $? = 1
configure: failed program was:
| /* confdefs.h */
| #define PACKAGE_NAME "jansson"
| #define PACKAGE_TARNAME "jansson"
| #define PACKAGE_VERSION "2.9"
| #define PACKAGE_STRING "jansson 2.9"
| #define PACKAGE_BUGREPORT "petri@digip.org"
| #define PACKAGE_URL ""
| #define PACKAGE "jansson"
| #define VERSION "2.9"
| /* end confdefs.h.  */
| #include <ac_nonexistent.h>
configure:7534: result: i686-w64-mingw32.static-gcc -E
configure:7554: i686-w64-mingw32.static-gcc -E  conftest.c
configure:7554: $? = 0
configure:7568: i686-w64-mingw32.static-gcc -E  conftest.c
conftest.c:11:28: fatal error: ac_nonexistent.h: No such file or directory
compilation terminated.
configure:7568: $? = 1
configure: failed program was:
| /* confdefs.h */
| #define PACKAGE_NAME "jansson"
| #define PACKAGE_TARNAME "jansson"
| #define PACKAGE_VERSION "2.9"
| #define PACKAGE_STRING "jansson 2.9"
| #define PACKAGE_BUGREPORT "petri@digip.org"
| #define PACKAGE_URL ""
| #define PACKAGE "jansson"
| #define VERSION "2.9"
| /* end confdefs.h.  */
| #include <ac_nonexistent.h>
configure:7597: checking for ANSI C header files
configure:7617: i686-w64-mingw32.static-gcc -c -O2 -msse2  conftest.c >&5
configure:7617: $? = 0
configure:7701: result: yes
configure:7714: checking for sys/types.h
configure:7714: i686-w64-mingw32.static-gcc -c -O2 -msse2  conftest.c >&5
configure:7714: $? = 0
configure:7714: result: yes
configure:7714: checking for sys/stat.h
configure:7714: i686-w64-mingw32.static-gcc -c -O2 -msse2  conftest.c >&5
configure:7714: $? = 0
configure:7714: result: yes
configure:7714: checking for stdlib.h
configure:7714: i686-w64-mingw32.static-gcc -c -O2 -msse2  conftest.c >&5
configure:7714: $? = 0
configure:7714: result: yes
configure:7714: checking for string.h
configure:7714: i686-w64-mingw32.static-gcc -c -O2 -msse2  conftest.c >&5
configure:7714: $? = 0
configure:7714: result: yes
configure:7714: checking for memory.h
configure:7714: i686-w64-mingw32.static-gcc -c -O2 -msse2  conftest.c >&5
configure:7714: $? = 0
configure:7714: result: yes
configure:7714: checking for strings.h
configure:7714: i686-w64-mingw32.static-gcc -c -O2 -msse2  conftest.c >&5
configure:7714: $? = 0
configure:7714: result: yes
configure:7714: checking for inttypes.h
configure:7714: i686-w64-mingw32.static-gcc -c -O2 -msse2  conftest.c >&5
configure:7714: $? = 0
configure:7714: result: yes
configure:7714: checking for stdint.h
configure:7714: i686-w64-mingw32.static-gcc -c -O2 -msse2  conftest.c >&5
configure:7714: $? = 0
configure:7714: result: yes
configure:7714: checking for unistd.h
configure:7714: i686-w64-mingw32.static-gcc -c -O2 -msse2  conftest.c >&5
configure:7714: $? = 0
configure:7714: result: yes
configure:7728: checking for dlfcn.h
configure:7728: i686-w64-mingw32.static-gcc -c -O2 -msse2  conftest.c >&5
conftest.c:55:19: fatal error: dlfcn.h: No such file or directory
compilation terminated.
configure:7728: $? = 1
configure: failed program was:
| /* confdefs.h */
| #define PACKAGE_NAME "jansson"
| #define PACKAGE_TARNAME "jansson"
| #define PACKAGE_VERSION "2.9"
| #define PACKAGE_STRING "jansson 2.9"
| #define PACKAGE_BUGREPORT "petri@digip.org"
| #define PACKAGE_URL ""
| #define PACKAGE "jansson"
| #define VERSION "2.9"
| #define STDC_HEADERS 1
| #define HAVE_SYS_TYPES_H 1
| #define HAVE_SYS_STAT_H 1
| #define HAVE_STDLIB_H 1
| #define HAVE_STRING_H 1
| #define HAVE_MEMORY_H 1
| #define HAVE_STRINGS_H 1
| #define HAVE_INTTYPES_H 1
| #define HAVE_STDINT_H 1
| #define HAVE_UNISTD_H 1
| /* end confdefs.h.  */
| #include <stdio.h>
| #ifdef HAVE_SYS_TYPES_H
| # include <sys/types.h>
| #endif
| #ifdef HAVE_SYS_STAT_H
| # include <sys/stat.h>
| #endif
| #ifdef STDC_HEADERS
| # include <stdlib.h>
| # include <stddef.h>
| #else
| # ifdef HAVE_STDLIB_H
| #  include <stdlib.h>
| # endif
| #endif
| #ifdef HAVE_STRING_H
| # if !defined STDC_HEADERS && defined HAVE_MEMORY_H
| #  include <memory.h>
| # endif
| # include <string.h>
| #endif
| #ifdef HAVE_STRINGS_H
| # include <strings.h>
| #endif
| #ifdef HAVE_INTTYPES_H
| # include <inttypes.h>
| #endif
| #ifdef HAVE_STDINT_H
| # include <stdint.h>
| #endif
| #ifdef HAVE_UNISTD_H
| # include <unistd.h>
| #endif
| 
| #include <dlfcn.h>
configure:7728: result: no
configure:7984: checking for objdir
configure:7999: result: .libs
configure:8259: checking if i686-w64-mingw32.static-gcc supports -fno-rtti -fno-exceptions
configure:8277: i686-w64-mingw32.static-gcc -c -O2 -msse2  -fno-rtti -fno-exceptions conftest.c >&5
cc1: warning: command line option '-fno-rtti' is valid for C++/ObjC++ but not for C
configure:8281: $? = 0
configure:8294: result: no
configure:8658: checking for i686-w64-mingw32.static-gcc option to produce PIC
configure:8665: result: -DDLL_EXPORT -DPIC
configure:8673: checking if i686-w64-mingw32.static-gcc PIC flag -DDLL_EXPORT -DPIC works
configure:8691: i686-w64-mingw32.static-gcc -c -O2 -msse2  -DDLL_EXPORT -DPIC -DPIC conftest.c >&5
configure:8695: $? = 0
configure:8708: result: yes
configure:8737: checking if i686-w64-mingw32.static-gcc static flag -static works
configure:8765: result: yes
configure:8780: checking if i686-w64-mingw32.static-gcc supports -c -o file.o
configure:8801: i686-w64-mingw32.static-gcc -c -O2 -msse2  -o out/conftest2.o conftest.c >&5
configure:8805: $? = 0
configure:8827: result: yes
configure:8835: checking if i686-w64-mingw32.static-gcc supports -c -o file.o
configure:8882: result: yes
configure:8915: checking whether the i686-w64-mingw32.static-gcc linker (/opt/mxe/usr/bin/i686-w64-mingw32.static-ld) supports shared libraries
configure:10178: result: yes
configure:10418: checking dynamic linker characteristics
configure:11248: result: Win32 ld.exe
configure:11370: checking how to hardcode library paths into programs
configure:11395: result: immediate
configure:11943: checking whether stripping libraries is possible
configure:11948: result: yes
configure:11983: checking if libtool supports shared libraries
configure:11985: result: yes
configure:11988: checking whether to build shared libraries
configure:12013: result: no
configure:12016: checking whether to build static libraries
configure:12020: result: yes
configure:8848: checking endian.h usability
configure:8848: i686-w64-mingw32.static-gcc -c -O2 -msse2  conftest.c >&5
conftest.c:55:20: fatal error: endian.h: No such file or directory
compilation terminated.
configure:8848: $? = 1
configure: failed program was:
| /* confdefs.h */
| #define PACKAGE_NAME "jansson"
| #define PACKAGE_TARNAME "jansson"
| #define PACKAGE_VERSION "2.9"
| #define PACKAGE_STRING "jansson 2.9"
| #define PACKAGE_BUGREPORT "petri@digip.org"
| #define PACKAGE_URL ""
| #define PACKAGE "jansson"
| #define VERSION "2.9"
| #define STDC_HEADERS 1
| #define HAVE_SYS_TYPES_H 1
| #define HAVE_SYS_STAT_H 1
| #define HAVE_STDLIB_H 1
| #define HAVE_STRING_H 1
| #define HAVE_MEMORY_H 1
| #define HAVE_STRINGS_H 1
| #define HAVE_INTTYPES_H 1
| #define HAVE_STDINT_H 1
| #define HAVE_UNISTD_H 1
| #define LT_OBJDIR ".libs/"
| /* end confdefs.h.  */
| #include <stdio.h>
| #ifdef HAVE_SYS_TYPES_H
| # include <sys/types.h>
| #endif
| #ifdef HAVE_SYS_STAT_H
| # include <sys/stat.h>
| #endif
| #ifdef STDC_HEADERS
| # include <stdlib.h>
| # include <stddef.h>
| #else
| # ifdef HAVE_STDLIB_H
| #  include <stdlib.h>
| # endif
| #endif
| #ifdef HAVE_STRING_H
| # if !defined STDC_HEADERS && defined HAVE_MEMORY_H
| #  include <memory.h>
| # endif
| # include <string.h>
| #endif
| #ifdef HAVE_STRINGS_H
| # include <strings.h>
| #endif
| #ifdef HAVE_INTTYPES_H
| # include <inttypes.h>
| #endif
| #ifdef HAVE_STDINT_H
| # include <stdint.h>
| #endif
| #ifdef HAVE_UNISTD_H
| # include <unistd.h>
| #endif
| #include <endian.h>
configure:8848: result: no
configure:8848: checking endian.h presence
configure:8848: i686-w64-mingw32.static-gcc -E  conftest.c
conftest.c:22:20: fatal error: endian.h: No such file or directory
compilation terminated.
configure:8848: $? = 1
configure: failed program was:
| /* confdefs.h */
| #define PACKAGE_NAME "jansson"
| #define PACKAGE_TARNAME "jansson"
| #define PACKAGE_VERSION "2.9"
| #define PACKAGE_STRING "jansson 2.9"
| #define PACKAGE_BUGREPORT "petri@digip.org"
| #define PACKAGE_URL ""
| #define PACKAGE "jansson"
| #define VERSION "2.9"
| #define STDC_HEADERS 1
| #define HAVE_SYS_TYPES_H 1
| #define HAVE_SYS_STAT_H 1
| #define HAVE_STDLIB_H 1
| #define HAVE_STRING_H 1
| #define HAVE_MEMORY_H 1
| #define HAVE_STRINGS_H 1
| #define HAVE_INTTYPES_H 1
| #define HAVE_STDINT_H 1
| #define HAVE_UNISTD_H 1
| #define LT_OBJDIR ".libs/"
| /* end confdefs.h.  */
| #include <endian.h>
configure:8848: result: no
configure:8848: checking for endian.h
configure:8848: result: no
configure:8848: checking fcntl.h usability
configure:8848: i686-w64-mingw32.static-gcc -c -O2 -msse2  conftest.c >&5
configure:8848: $? = 0
configure:8848: result: yes
configure:8848: checking fcntl.h presence
configure:8848: i686-w64-mingw32.static-gcc -E  conftest.c
configure:8848: $? = 0
configure:8848: result: yes
configure:8848: checking for fcntl.h
configure:8848: result: yes
configure:8848: checking locale.h usability
configure:8848: i686-w64-mingw32.static-gcc -c -O2 -msse2  conftest.c >&5
configure:8848: $? = 0
configure:8848: result: yes
configure:8848: checking locale.h presence
configure:8848: i686-w64-mingw32.static-gcc -E  conftest.c
configure:8848: $? = 0
configure:8848: result: yes
configure:8848: checking for locale.h
configure:8848: result: yes
configure:8848: checking sched.h usability
configure:8848: i686-w64-mingw32.static-gcc -c -O2 -msse2  conftest.c >&5
configure:8848: $? = 0
configure:8848: result: yes
configure:8848: checking sched.h presence
configure:8848: i686-w64-mingw32.static-gcc -E  conftest.c
configure:8848: $? = 0
configure:8848: result: yes
configure:8848: checking for sched.h
configure:8848: result: yes
configure:8848: checking for unistd.h
configure:8848: result: yes
configure:8848: checking sys/param.h usability
configure:8848: i686-w64-mingw32.static-gcc -c -O2 -msse2  conftest.c >&5
configure:8848: $? = 0
configure:8848: result: yes
configure:8848: checking sys/param.h presence
configure:8848: i686-w64-mingw32.static-gcc -E  conftest.c
configure:8848: $? = 0
configure:8848: result: yes
configure:8848: checking for sys/param.h
configure:8848: result: yes
configure:8848: checking for sys/stat.h
configure:8848: result: yes
configure:8848: checking sys/time.h usability
configure:8848: i686-w64-mingw32.static-gcc -c -O2 -msse2  conftest.c >&5
configure:8848: $? = 0
configure:8848: result: yes
configure:8848: checking sys/time.h presence
configure:8848: i686-w64-mingw32.static-gcc -E  conftest.c
configure:8848: $? = 0
configure:8848: result: yes
configure:8848: checking for sys/time.h
configure:8848: result: yes
configure:8848: checking for sys/types.h
configure:8848: result: yes
configure:8860: checking for int32_t
configure:8860: i686-w64-mingw32.static-gcc -c -O2 -msse2  conftest.c >&5
configure:8860: $? = 0
configure:8860: i686-w64-mingw32.static-gcc -c -O2 -msse2  conftest.c >&5
conftest.c: In function 'main':
conftest.c:68:53: warning: integer overflow in expression [-Woverflow]
    < (int32_t) (((((int32_t) 1 << N) << N) - 1) * 2 + 2))];
                                                     ^
conftest.c:67:12: error: storage size of 'test_array' isn't constant
 static int test_array [1 - 2 * !((int32_t) (((((int32_t) 1 << N) << N) - 1) * 2 + 1)
            ^
configure:8860: $? = 1
configure: failed program was:
| /* confdefs.h */
| #define PACKAGE_NAME "jansson"
| #define PACKAGE_TARNAME "jansson"
| #define PACKAGE_VERSION "2.9"
| #define PACKAGE_STRING "jansson 2.9"
| #define PACKAGE_BUGREPORT "petri@digip.org"
| #define PACKAGE_URL ""
| #define PACKAGE "jansson"
| #define VERSION "2.9"
| #define STDC_HEADERS 1
| #define HAVE_SYS_TYPES_H 1
| #define HAVE_SYS_STAT_H 1
| #define HAVE_STDLIB_H 1
| #define HAVE_STRING_H 1
| #define HAVE_MEMORY_H 1
| #define HAVE_STRINGS_H 1
| #define HAVE_INTTYPES_H 1
| #define HAVE_STDINT_H 1
| #define HAVE_UNISTD_H 1
| #define LT_OBJDIR ".libs/"
| #define HAVE_FCNTL_H 1
| #define HAVE_LOCALE_H 1
| #define HAVE_SCHED_H 1
| #define HAVE_UNISTD_H 1
| #define HAVE_SYS_PARAM_H 1
| #define HAVE_SYS_STAT_H 1
| #define HAVE_SYS_TIME_H 1
| #define HAVE_SYS_TYPES_H 1
| /* end confdefs.h.  */
| #include <stdio.h>
| #ifdef HAVE_SYS_TYPES_H
| # include <sys/types.h>
| #endif
| #ifdef HAVE_SYS_STAT_H
| # include <sys/stat.h>
| #endif
| #ifdef STDC_HEADERS
| # include <stdlib.h>
| # include <stddef.h>
| #else
| # ifdef HAVE_STDLIB_H
| #  include <stdlib.h>
| # endif
| #endif
| #ifdef HAVE_STRING_H
| # if !defined STDC_HEADERS && defined HAVE_MEMORY_H
| #  include <memory.h>
| # endif
| # include <string.h>
| #endif
| #ifdef HAVE_STRINGS_H
| # include <strings.h>
| #endif
| #ifdef HAVE_INTTYPES_H
| # include <inttypes.h>
| #endif
| #ifdef HAVE_STDINT_H
| # include <stdint.h>
| #endif
| #ifdef HAVE_UNISTD_H
| # include <unistd.h>
| #endif
| 	        enum { N = 32 / 2 - 1 };
| int
| main ()
| {
| static int test_array [1 - 2 * !((int32_t) (((((int32_t) 1 << N) << N) - 1) * 2 + 1)
| 		 < (int32_t) (((((int32_t) 1 << N) << N) - 1) * 2 + 2))];
| test_array [0] = 0;
| return test_array [0];
| 
|   ;
|   return 0;
| }
configure:8860: result: yes
configure:8871: checking for uint32_t
configure:8871: i686-w64-mingw32.static-gcc -c -O2 -msse2  conftest.c >&5
configure:8871: $? = 0
configure:8871: result: yes
configure:8885: checking for uint16_t
configure:8885: i686-w64-mingw32.static-gcc -c -O2 -msse2  conftest.c >&5
configure:8885: $? = 0
configure:8885: result: yes
configure:8897: checking for uint8_t
configure:8897: i686-w64-mingw32.static-gcc -c -O2 -msse2  conftest.c >&5
configure:8897: $? = 0
configure:8897: result: yes
configure:8912: checking for unsigned long long int
configure:8951: i686-w64-mingw32.static-gcc -o conftest.exe -O2 -msse2   conftest.c  >&5
configure:8951: $? = 0
configure:8960: result: yes
configure:8970: checking for long long int
configure:9020: result: yes
configure:9029: checking for inline
configure:9045: i686-w64-mingw32.static-gcc -c -O2 -msse2  conftest.c >&5
configure:9045: $? = 0
configure:9053: result: inline
configure:9082: checking for close
configure:9082: i686-w64-mingw32.static-gcc -o conftest.exe -O2 -msse2   conftest.c  >&5
configure:9082: $? = 0
configure:9082: result: yes
configure:9082: checking for getpid
configure:9082: i686-w64-mingw32.static-gcc -o conftest.exe -O2 -msse2   conftest.c  >&5
configure:9082: $? = 0
configure:9082: result: yes
configure:9082: checking for gettimeofday
configure:9082: i686-w64-mingw32.static-gcc -o conftest.exe -O2 -msse2   conftest.c  >&5
configure:9082: $? = 0
configure:9082: result: yes
configure:9082: checking for localeconv
configure:9082: i686-w64-mingw32.static-gcc -o conftest.exe -O2 -msse2   conftest.c  >&5
configure:9082: $? = 0
configure:9082: result: yes
configure:9082: checking for open
configure:9082: i686-w64-mingw32.static-gcc -o conftest.exe -O2 -msse2   conftest.c  >&5
configure:9082: $? = 0
configure:9082: result: yes
configure:9082: checking for read
configure:9082: i686-w64-mingw32.static-gcc -o conftest.exe -O2 -msse2   conftest.c  >&5
configure:9082: $? = 0
configure:9082: result: yes
configure:9082: checking for sched_yield
configure:9082: i686-w64-mingw32.static-gcc -o conftest.exe -O2 -msse2   conftest.c  >&5
configure:9082: $? = 0
configure:9082: result: yes
configure:9082: checking for strtoll
configure:9082: i686-w64-mingw32.static-gcc -o conftest.exe -O2 -msse2   conftest.c  >&5
configure:9082: $? = 0
configure:9082: result: yes
configure:9092: checking for gcc __sync builtins
configure:9106: i686-w64-mingw32.static-gcc -o conftest.exe -O2 -msse2   conftest.c  >&5
configure:9106: $? = 0
configure:9116: result: yes
configure:9119: checking for gcc __atomic builtins
configure:9133: i686-w64-mingw32.static-gcc -o conftest.exe -O2 -msse2   conftest.c  >&5
configure:9133: $? = 0
configure:9143: result: yes
configure:9308: checking that generated files are newer than configure
configure:9314: result: done
configure:9341: creating ./config.status

## ---------------------- ##
## Running config.status. ##
## ---------------------- ##

This file was extended by jansson config.status 2.9, which was
generated by GNU Autoconf 2.69.  Invocation command line was

  CONFIG_FILES    = 
  CONFIG_HEADERS  = 
  CONFIG_LINKS    = 
  CONFIG_COMMANDS = 
  $ ./config.status 

on ubuntu

config.status:1129: creating jansson.pc
config.status:1129: creating Makefile
config.status:1129: creating doc/Makefile
config.status:1129: creating src/Makefile
config.status:1129: creating src/jansson_config.h
config.status:1129: creating test/Makefile
config.status:1129: creating test/bin/Makefile
config.status:1129: creating test/suites/Makefile
config.status:1129: creating test/suites/api/Makefile
config.status:1129: creating jansson_private_config.h
config.status:1310: jansson_private_config.h is unchanged
config.status:1358: executing depfiles commands
config.status:1435: cd src       && sed -e '/# am--include-marker/d' Makefile         | make -f - am--depfiles
make: Nothing to be done for 'am--depfiles'.
config.status:1440: $? = 0
config.status:1435: cd test/bin       && sed -e '/# am--include-marker/d' Makefile         | make -f - am--depfiles
make: Nothing to be done for 'am--depfiles'.
config.status:1440: $? = 0
config.status:1435: cd test/suites/api       && sed -e '/# am--include-marker/d' Makefile         | make -f - am--depfiles
make: Nothing to be done for 'am--depfiles'.
config.status:1440: $? = 0
config.status:1358: executing libtool commands

## ---------------- ##
## Cache variables. ##
## ---------------- ##

ac_cv_build=x86_64-pc-linux-gnu
ac_cv_c_compiler_gnu=yes
ac_cv_c_inline=inline
ac_cv_c_int32_t=yes
ac_cv_c_uint16_t=yes
ac_cv_c_uint32_t=yes
ac_cv_c_uint8_t=yes
ac_cv_env_CC_set=
ac_cv_env_CC_value=
ac_cv_env_CFLAGS_set=set
ac_cv_env_CFLAGS_value='-O2 -msse2'
ac_cv_env_CPPFLAGS_set=
ac_cv_env_CPPFLAGS_value=
ac_cv_env_CPP_set=
ac_cv_env_CPP_value=
ac_cv_env_LDFLAGS_set=
ac_cv_env_LDFLAGS_value=
ac_cv_env_LIBS_set=
ac_cv_env_LIBS_value=
ac_cv_env_LT_SYS_LIBRARY_PATH_set=
ac_cv_env_LT_SYS_LIBRARY_PATH_value=
ac_cv_env_build_alias_set=
ac_cv_env_build_alias_value=
ac_cv_env_host_alias_set=set
ac_cv_env_host_alias_value=i686-w64-mingw32.static
ac_cv_env_target_alias_set=
ac_cv_env_target_alias_value=
ac_cv_exeext=.exe
ac_cv_func_close=yes
ac_cv_func_getpid=yes
ac_cv_func_gettimeofday=yes
ac_cv_func_localeconv=yes
ac_cv_func_open=yes
ac_cv_func_read=yes
ac_cv_func_sched_yield=yes
ac_cv_func_strtoll=yes
ac_cv_header_dlfcn_h=no
ac_cv_header_endian_h=no
ac_cv_header_fcntl_h=yes
ac_cv_header_inttypes_h=yes
ac_cv_header_locale_h=yes
ac_cv_header_memory_h=yes
ac_cv_header_sched_h=yes
ac_cv_header_stdc=yes
ac_cv_header_stdint_h=yes
ac_cv_header_stdlib_h=yes
ac_cv_header_string_h=yes
ac_cv_header_strings_h=yes
ac_cv_header_sys_param_h=yes
ac_cv_header_sys_stat_h=yes
ac_cv_header_sys_time_h=yes
ac_cv_header_sys_types_h=yes
ac_cv_header_unistd_h=yes
ac_cv_host=i686-w64-mingw32.static
ac_cv_objext=o
ac_cv_path_EGREP='/usr/bin/grep -E'
ac_cv_path_FGREP='/usr/bin/grep -F'
ac_cv_path_GREP=/usr/bin/grep
ac_cv_path_SED=/usr/bin/sed
ac_cv_path_install='/usr/bin/install -c'
ac_cv_path_lt_DD=/usr/bin/dd
ac_cv_path_mkdir=/usr/bin/mkdir
ac_cv_prog_AR=i686-w64-mingw32.static-ar
ac_cv_prog_AWK=gawk
ac_cv_prog_CC=i686-w64-mingw32.static-gcc
ac_cv_prog_CPP='i686-w64-mingw32.static-gcc -E'
ac_cv_prog_DLLTOOL=i686-w64-mingw32.static-dlltool
ac_cv_prog_OBJDUMP=i686-w64-mingw32.static-objdump
ac_cv_prog_RANLIB=i686-w64-mingw32.static-ranlib
ac_cv_prog_STRIP=i686-w64-mingw32.static-strip
ac_cv_prog_ac_ct_MANIFEST_TOOL=mt
ac_cv_prog_cc_c89=
ac_cv_prog_cc_g=yes
ac_cv_prog_make_make_set=yes
ac_cv_type_long_long_int=yes
ac_cv_type_unsigned_long_long_int=yes
am_cv_CC_dependencies_compiler_type=gcc3
am_cv_make_support_nested_variables=yes
am_cv_prog_cc_c_o=yes
lt_cv_ar_at_file=@
lt_cv_deplibs_check_method='file_magic ^x86 archive import|^x86 DLL'
lt_cv_file_magic_cmd=func_win32_libid
lt_cv_file_magic_test_file=
lt_cv_ld_reload_flag=-r
lt_cv_nm_interface='BSD nm'
lt_cv_objdir=.libs
lt_cv_path_LD=/opt/mxe/usr/bin/i686-w64-mingw32.static-ld
lt_cv_path_NM='/opt/mxe/usr/bin/i686-w64-mingw32.static-nm -B'
lt_cv_path_mainfest_tool=no
lt_cv_prog_compiler_c_o=yes
lt_cv_prog_compiler_pic='-DDLL_EXPORT -DPIC'
lt_cv_prog_compiler_pic_works=yes
lt_cv_prog_compiler_rtti_exceptions=no
lt_cv_prog_compiler_static_works=yes
lt_cv_prog_gnu_ld=yes
lt_cv_sharedlib_from_linklib_cmd=func_cygming_dll_for_implib
lt_cv_sys_global_symbol_pipe='sed -n -e '\''s/^.*[	 ]\([ABCDGIRSTW][ABCDGIRSTW]*\)[	 ][	 ]*_\([_A-Za-z][_A-Za-z0-9]*\)$/\1 _\2 \2/p'\'' | sed '\''/ __gnu_lto/d'\'''
lt_cv_sys_global_symbol_to_c_name_address='sed -n -e '\''s/^: \(.*\) .*$/  {"\1", (void *) 0},/p'\'' -e '\''s/^[ABCDGIRSTW][ABCDGIRSTW]* .* \(.*\)$/  {"\1", (void *) \&\1},/p'\'''
lt_cv_sys_global_symbol_to_c_name_address_lib_prefix='sed -n -e '\''s/^: \(.*\) .*$/  {"\1", (void *) 0},/p'\'' -e '\''s/^[ABCDGIRSTW][ABCDGIRSTW]* .* \(lib.*\)$/  {"\1", (void *) \&\1},/p'\'' -e '\''s/^[ABCDGIRSTW][ABCDGIRSTW]* .* \(.*\)$/  {"lib\1", (void *) \&\1},/p'\'''
lt_cv_sys_global_symbol_to_cdecl='sed -n -e '\''s/^T .* \(.*\)$/extern int \1();/p'\'' -e '\''s/^[ABCDGIRSTW][ABCDGIRSTW]* .* \(.*\)$/extern char \1;/p'\'''
lt_cv_sys_global_symbol_to_import=
lt_cv_sys_max_cmd_len=1572864
lt_cv_to_host_file_cmd=func_convert_file_nix_to_w32
lt_cv_to_tool_file_cmd=func_convert_file_noop
lt_cv_truncate_bin='/usr/bin/dd bs=4096 count=1'

## ----------------- ##
## Output variables. ##
## ----------------- ##

ACLOCAL='${SHELL} /home/wareck/cgminer-lketc/compat/jansson-2.9/missing aclocal-1.16'
AMDEPBACKSLASH='\'
AMDEP_FALSE='#'
AMDEP_TRUE=''
AMTAR='$${TAR-tar}'
AM_BACKSLASH='\'
AM_CFLAGS='-Wall -Wextra -Wdeclaration-after-statement'
AM_DEFAULT_V='$(AM_DEFAULT_VERBOSITY)'
AM_DEFAULT_VERBOSITY='1'
AM_V='$(V)'
AR='i686-w64-mingw32.static-ar'
AUTOCONF='${SHELL} /home/wareck/cgminer-lketc/compat/jansson-2.9/missing autoconf'
AUTOHEADER='${SHELL} /home/wareck/cgminer-lketc/compat/jansson-2.9/missing autoheader'
AUTOMAKE='${SHELL} /home/wareck/cgminer-lketc/compat/jansson-2.9/missing automake-1.16'
AWK='gawk'
CC='i686-w64-mingw32.static-gcc'
CCDEPMODE='depmode=gcc3'
CFLAGS='-O2 -msse2'
CPP='i686-w64-mingw32.static-gcc -E'
CPPFLAGS=''
CYGPATH_W='echo'
DEFS='-DHAVE_CONFIG_H'
DEPDIR='.deps'
DLLTOOL='i686-w64-mingw32.static-dlltool'
DSYMUTIL=''
DUMPBIN=''
ECHO_C=''
ECHO_N='-n'
ECHO_T=''
EGREP='/usr/bin/grep -E'
EXEEXT='.exe'
FGREP='/usr/bin/grep -F'
GCC_FALSE='#'
GCC_TRUE=''
GREP='/usr/bin/grep'
INSTALL_DATA='${INSTALL} -m 644'
INSTALL_PROGRAM='${INSTALL}'
INSTALL_SCRIPT='${INSTALL}'
INSTALL_STRIP_PROGRAM='$(install_sh) -c -s'
LD='/opt/mxe/usr/bin/i686-w64-mingw32.static-ld'
LDFLAGS=''
LIBOBJS=''
LIBS=''
LIBTOOL='$(SHELL) $(top_builddir)/libtool'
LIPO=''
LN_S='ln -s'
LTLIBOBJS=''
LT_SYS_LIBRARY_PATH=''
MAKEINFO='${SHELL} /home/wareck/cgminer-lketc/compat/jansson-2.9/missing makeinfo'
MANIFEST_TOOL=':'
MKDIR_P='/usr/bin/mkdir -p'
NM='/opt/mxe/usr/bin/i686-w64-mingw32.static-nm -B'
NMEDIT=''
OBJDUMP='i686-w64-mingw32.static-objdump'
OBJEXT='o'
OTOOL64=''
OTOOL=''
PACKAGE='jansson'
PACKAGE_BUGREPORT='petri@digip.org'
PACKAGE_NAME='jansson'
PACKAGE_STRING='jansson 2.9'
PACKAGE_TARNAME='jansson'
PACKAGE_URL=''
PACKAGE_VERSION='2.9'
PATH_SEPARATOR=':'
RANLIB='i686-w64-mingw32.static-ranlib'
SED='/usr/bin/sed'
SET_MAKE=''
SHELL='/bin/bash'
STRIP='i686-w64-mingw32.static-strip'
VERSION='2.9'
ac_ct_AR=''
ac_ct_CC=''
ac_ct_DUMPBIN=''
am__EXEEXT_FALSE='#'
am__EXEEXT_TRUE=''
am__fastdepCC_FALSE='#'
am__fastdepCC_TRUE=''
am__include='include'
am__isrc=''
am__leading_dot='.'
am__nodep='_no'
am__quote=''
am__tar='$${TAR-tar} chof - "$$tardir"'
am__untar='$${TAR-tar} xf -'
bindir='${exec_prefix}/bin'
build='x86_64-pc-linux-gnu'
build_alias=''
build_cpu='x86_64'
build_os='linux-gnu'
build_vendor='pc'
datadir='${datarootdir}'
datarootdir='${prefix}/share'
docdir='${datarootdir}/doc/${PACKAGE_TARNAME}'
dvidir='${docdir}'
exec_prefix='${prefix}'
host='i686-w64-mingw32.static'
host_alias='i686-w64-mingw32.static'
host_cpu='i686'
host_os='mingw32.static'
host_vendor='w64'
htmldir='${docdir}'
includedir='${prefix}/include'
infodir='${datarootdir}/info'
install_sh='${SHELL} /home/wareck/cgminer-lketc/compat/jansson-2.9/install-sh'
json_have_localeconv='1'
json_have_long_long='1'
json_inline='inline'
libdir='${exec_prefix}/lib'
libexecdir='${exec_prefix}/libexec'
localedir='${datarootdir}/locale'
localstatedir='${prefix}/var'
mandir='${datarootdir}/man'
mkdir_p='$(MKDIR_P)'
oldincludedir='/usr/include'
pdfdir='${docdir}'
prefix='/usr/local'
program_transform_name='s,x,x,'
psdir='${docdir}'
runstatedir='${localstatedir}/run'
sbindir='${exec_prefix}/sbin'
sharedstatedir='${prefix}/com'
sysconfdir='${prefix}/etc'
target_alias=''

## ----------- ##
## confdefs.h. ##
## ----------- ##

/* confdefs.h */
#define PACKAGE_NAME "jansson"
#define PACKAGE_TARNAME "jansson"
#define PACKAGE_VERSION "2.9"
#define PACKAGE_STRING "jansson 2.9"
#define PACKAGE_BUGREPORT "petri@digip.org"
#define PACKAGE_URL ""
#define PACKAGE "jansson"
#define VERSION "2.9"
#define STDC_HEADERS 1
#define HAVE_SYS_TYPES_H 1
#define HAVE_SYS_STAT_H 1
#define HAVE_STDLIB_H 1
#define HAVE_STRING_H 1
#define HAVE_MEMORY_H 1
#define HAVE_STRINGS_H 1
#define HAVE_INTTYPES_H 1
#define HAVE_STDINT_H 1
#define HAVE_UNISTD_H 1
#define LT_OBJDIR ".libs/"
#define HAVE_FCNTL_H 1
#define HAVE_LOCALE_H 1
#define HAVE_SCHED_H 1
#define HAVE_UNISTD_H 1
#define HAVE_SYS_PARAM_H 1
#define HAVE_SYS_STAT_H 1
#define HAVE_SYS_TIME_H 1
#define HAVE_SYS_TYPES_H 1
#define HAVE_UNSIGNED_LONG_LONG_INT 1
#define HAVE_LONG_LONG_INT 1
#define HAVE_CLOSE 1
#define HAVE_GETPID 1
#define HAVE_GETTIMEOFDAY 1
#define HAVE_LOCALECONV 1
#define HAVE_OPEN 1
#define HAVE_READ 1
#define HAVE_SCHED_YIELD 1
#define HAVE_STRTOLL 1
#define HAVE_SYNC_BUILTINS 1
#define HAVE_ATOMIC_BUILTINS 1
#define USE_URANDOM 1
#define USE_WINDOWS_CRYPTOAPI 1
#define INITIAL_HASHTABLE_ORDER 3

configure: exit 0
